<?xml version="1.0" encoding="UTF-8"?>
<coverage generated="1582067139557" clover="3.2.0">
  <project timestamp="1582067139557" name="All files">
    <metrics statements="140" coveredstatements="81" conditionals="42" coveredconditionals="27" methods="67" coveredmethods="38" elements="249" coveredelements="146" complexity="0" loc="140" ncloc="140" packages="1" files="5" classes="5"/>
    <file name="About.js" path="/Users/learn/Desktop/Platform/app/javascript/components/About.js">
      <metrics statements="1" coveredstatements="1" conditionals="0" coveredconditionals="0" methods="1" coveredmethods="1"/>
      <line num="6" count="1" type="stmt"/>
    </file>
    <file name="Flashcard.js" path="/Users/learn/Desktop/Platform/app/javascript/components/Flashcard.js">
      <metrics statements="69" coveredstatements="30" conditionals="18" coveredconditionals="8" methods="30" coveredmethods="13"/>
      <line num="9" count="1" type="stmt"/>
      <line num="10" count="1" type="stmt"/>
      <line num="22" count="1" type="stmt"/>
      <line num="25" count="1" type="stmt"/>
      <line num="26" count="1" type="stmt"/>
      <line num="29" count="1" type="stmt"/>
      <line num="31" count="1" type="stmt"/>
      <line num="32" count="1" type="stmt"/>
      <line num="36" count="1" type="stmt"/>
      <line num="38" count="1" type="stmt"/>
      <line num="40" count="1" type="stmt"/>
      <line num="41" count="1" type="cond" truecount="1" falsecount="1"/>
      <line num="42" count="0" type="stmt"/>
      <line num="43" count="0" type="stmt"/>
      <line num="44" count="0" type="stmt"/>
      <line num="47" count="1" type="stmt"/>
      <line num="48" count="1" type="stmt"/>
      <line num="53" count="1" type="stmt"/>
      <line num="54" count="1" type="stmt"/>
      <line num="65" count="1" type="stmt"/>
      <line num="67" count="1" type="stmt"/>
      <line num="68" count="1" type="stmt"/>
      <line num="70" count="1" type="stmt"/>
      <line num="72" count="1" type="stmt"/>
      <line num="75" count="0" type="stmt"/>
      <line num="82" count="1" type="stmt"/>
      <line num="86" count="0" type="stmt"/>
      <line num="87" count="0" type="stmt"/>
      <line num="90" count="1" type="stmt"/>
      <line num="92" count="0" type="stmt"/>
      <line num="94" count="0" type="stmt"/>
      <line num="96" count="0" type="stmt"/>
      <line num="98" count="0" type="stmt"/>
      <line num="100" count="0" type="stmt"/>
      <line num="101" count="0" type="cond" truecount="0" falsecount="2"/>
      <line num="102" count="0" type="stmt"/>
      <line num="106" count="0" type="stmt"/>
      <line num="107" count="0" type="cond" truecount="0" falsecount="2"/>
      <line num="108" count="0" type="stmt"/>
      <line num="111" count="0" type="stmt"/>
      <line num="114" count="1" type="stmt"/>
      <line num="115" count="0" type="stmt"/>
      <line num="116" count="0" type="stmt"/>
      <line num="119" count="1" type="stmt"/>
      <line num="120" count="0" type="stmt"/>
      <line num="121" count="0" type="stmt"/>
      <line num="122" count="0" type="stmt"/>
      <line num="123" count="0" type="stmt"/>
      <line num="124" count="0" type="stmt"/>
      <line num="128" count="1" type="stmt"/>
      <line num="130" count="0" type="stmt"/>
      <line num="132" count="0" type="stmt"/>
      <line num="134" count="0" type="stmt"/>
      <line num="136" count="0" type="stmt"/>
      <line num="138" count="0" type="stmt"/>
      <line num="143" count="1" type="stmt"/>
      <line num="144" count="0" type="stmt"/>
      <line num="145" count="0" type="stmt"/>
      <line num="146" count="0" type="stmt"/>
      <line num="152" count="4" type="stmt"/>
      <line num="153" count="4" type="stmt"/>
      <line num="163" count="2" type="stmt"/>
      <line num="170" count="0" type="stmt"/>
      <line num="205" count="0" type="stmt"/>
      <line num="218" count="0" type="stmt"/>
      <line num="227" count="0" type="cond" truecount="2" falsecount="0"/>
      <line num="228" count="0" type="cond" truecount="1" falsecount="1"/>
      <line num="229" count="0" type="stmt"/>
      <line num="230" count="0" type="stmt"/>
    </file>
    <file name="FlashcardManage.js" path="/Users/learn/Desktop/Platform/app/javascript/components/FlashcardManage.js">
      <metrics statements="53" coveredstatements="33" conditionals="16" coveredconditionals="12" methods="28" coveredmethods="16"/>
      <line num="9" count="4" type="stmt"/>
      <line num="10" count="4" type="stmt"/>
      <line num="26" count="4" type="stmt"/>
      <line num="30" count="4" type="stmt"/>
      <line num="33" count="4" type="stmt"/>
      <line num="35" count="5" type="stmt"/>
      <line num="36" count="5" type="stmt"/>
      <line num="38" count="5" type="stmt"/>
      <line num="41" count="5" type="stmt"/>
      <line num="44" count="5" type="stmt"/>
      <line num="46" count="0" type="stmt"/>
      <line num="49" count="4" type="stmt"/>
      <line num="50" count="0" type="stmt"/>
      <line num="51" count="0" type="stmt"/>
      <line num="52" count="0" type="stmt"/>
      <line num="59" count="0" type="stmt"/>
      <line num="62" count="4" type="stmt"/>
      <line num="63" count="1" type="stmt"/>
      <line num="64" count="1" type="stmt"/>
      <line num="65" count="1" type="stmt"/>
      <line num="66" count="1" type="stmt"/>
      <line num="68" count="1" type="cond" truecount="1" falsecount="1"/>
      <line num="69" count="0" type="stmt"/>
      <line num="72" count="0" type="stmt"/>
      <line num="75" count="4" type="stmt"/>
      <line num="76" count="1" type="stmt"/>
      <line num="77" count="1" type="stmt"/>
      <line num="78" count="1" type="stmt"/>
      <line num="80" count="1" type="cond" truecount="1" falsecount="1"/>
      <line num="81" count="0" type="stmt"/>
      <line num="82" count="0" type="stmt"/>
      <line num="85" count="0" type="stmt"/>
      <line num="88" count="4" type="stmt"/>
      <line num="89" count="1" type="stmt"/>
      <line num="90" count="1" type="stmt"/>
      <line num="91" count="1" type="stmt"/>
      <line num="93" count="1" type="stmt"/>
      <line num="95" count="0" type="stmt"/>
      <line num="98" count="4" type="stmt"/>
      <line num="99" count="0" type="stmt"/>
      <line num="103" count="4" type="stmt"/>
      <line num="104" count="0" type="stmt"/>
      <line num="105" count="0" type="stmt"/>
      <line num="106" count="0" type="stmt"/>
      <line num="110" count="14" type="stmt"/>
      <line num="111" count="14" type="stmt"/>
      <line num="112" count="14" type="stmt"/>
      <line num="125" count="14" type="stmt"/>
      <line num="131" count="0" type="stmt"/>
      <line num="144" count="0" type="stmt"/>
      <line num="160" count="0" type="stmt"/>
      <line num="227" count="0" type="cond" truecount="2" falsecount="0"/>
      <line num="228" count="0" type="cond" truecount="1" falsecount="1"/>
    </file>
    <file name="Home.js" path="/Users/learn/Desktop/Platform/app/javascript/components/Home.js">
      <metrics statements="2" coveredstatements="2" conditionals="4" coveredconditionals="3" methods="1" coveredmethods="1"/>
      <line num="13" count="1" type="stmt"/>
      <line num="14" count="1" type="stmt"/>
    </file>
    <file name="apiCalls.js" path="/Users/learn/Desktop/Platform/app/javascript/components/apiCalls.js">
      <metrics statements="15" coveredstatements="15" conditionals="4" coveredconditionals="4" methods="7" coveredmethods="7"/>
      <line num="1" count="3" type="stmt"/>
      <line num="2" count="4" type="stmt"/>
      <line num="4" count="3" type="cond" truecount="2" falsecount="0"/>
      <line num="5" count="1" type="stmt"/>
      <line num="7" count="2" type="stmt"/>
      <line num="11" count="3" type="stmt"/>
      <line num="12" count="4" type="stmt"/>
      <line num="14" count="3" type="cond" truecount="2" falsecount="0"/>
      <line num="15" count="1" type="stmt"/>
      <line num="19" count="3" type="stmt"/>
      <line num="20" count="1" type="stmt"/>
      <line num="29" count="3" type="stmt"/>
      <line num="30" count="1" type="stmt"/>
      <line num="39" count="3" type="stmt"/>
      <line num="40" count="1" type="stmt"/>
    </file>
  </project>
</coverage>
