{"/Users/learn/Desktop/Platform/app/javascript/components/About.js": {"path":"/Users/learn/Desktop/Platform/app/javascript/components/About.js","statementMap":{"0":{"start":{"line":6,"column":8},"end":{"line":62,"column":9}}},"fnMap":{"0":{"name":"(anonymous_0)","decl":{"start":{"line":5,"column":4},"end":{"line":5,"column":5}},"loc":{"start":{"line":5,"column":12},"end":{"line":63,"column":5}},"line":5}},"branchMap":{},"s":{"0":1},"f":{"0":1},"b":{},"_coverageSchema":"1a1c01bbd47fc00a2c39e90264f33305004495a9","hash":"0311c39fb2e08dbc9a5f568d613efb5dd4cf5310"}
,"/Users/learn/Desktop/Platform/app/javascript/components/Flashcard.js": {"path":"/Users/learn/Desktop/Platform/app/javascript/components/Flashcard.js","statementMap":{"0":{"start":{"line":9,"column":8},"end":{"line":9,"column":21}},"1":{"start":{"line":10,"column":8},"end":{"line":18,"column":9}},"2":{"start":{"line":22,"column":24},"end":{"line":78,"column":5}},"3":{"start":{"line":25,"column":46},"end":{"line":25,"column":56}},"4":{"start":{"line":26,"column":8},"end":{"line":76,"column":14}},"5":{"start":{"line":29,"column":38},"end":{"line":29,"column":103}},"6":{"start":{"line":29,"column":83},"end":{"line":29,"column":100}},"7":{"start":{"line":31,"column":16},"end":{"line":31,"column":58}},"8":{"start":{"line":32,"column":16},"end":{"line":32,"column":38}},"9":{"start":{"line":36,"column":29},"end":{"line":36,"column":31}},"10":{"start":{"line":38,"column":38},"end":{"line":38,"column":103}},"11":{"start":{"line":38,"column":83},"end":{"line":38,"column":100}},"12":{"start":{"line":40,"column":16},"end":{"line":52,"column":14}},"13":{"start":{"line":41,"column":20},"end":{"line":49,"column":21}},"14":{"start":{"line":42,"column":45},"end":{"line":43,"column":77}},"15":{"start":{"line":43,"column":28},"end":{"line":43,"column":76}},"16":{"start":{"line":44,"column":24},"end":{"line":44,"column":65}},"17":{"start":{"line":47,"column":45},"end":{"line":47,"column":120}},"18":{"start":{"line":47,"column":81},"end":{"line":47,"column":119}},"19":{"start":{"line":48,"column":24},"end":{"line":48,"column":65}},"20":{"start":{"line":53,"column":16},"end":{"line":53,"column":56}},"21":{"start":{"line":54,"column":16},"end":{"line":54,"column":38}},"22":{"start":{"line":65,"column":29},"end":{"line":65,"column":31}},"23":{"start":{"line":67,"column":38},"end":{"line":67,"column":103}},"24":{"start":{"line":67,"column":83},"end":{"line":67,"column":100}},"25":{"start":{"line":68,"column":16},"end":{"line":71,"column":14}},"26":{"start":{"line":70,"column":20},"end":{"line":70,"column":52}},"27":{"start":{"line":72,"column":16},"end":{"line":72,"column":56}},"28":{"start":{"line":75,"column":16},"end":{"line":75,"column":66}},"29":{"start":{"line":82,"column":14},"end":{"line":88,"column":5}},"30":{"start":{"line":86,"column":8},"end":{"line":86,"column":45}},"31":{"start":{"line":86,"column":25},"end":{"line":86,"column":44}},"32":{"start":{"line":87,"column":8},"end":{"line":87,"column":42}},"33":{"start":{"line":90,"column":26},"end":{"line":112,"column":5}},"34":{"start":{"line":92,"column":63},"end":{"line":92,"column":73}},"35":{"start":{"line":94,"column":23},"end":{"line":94,"column":25}},"36":{"start":{"line":96,"column":8},"end":{"line":96,"column":45}},"37":{"start":{"line":98,"column":30},"end":{"line":98,"column":32}},"38":{"start":{"line":100,"column":8},"end":{"line":104,"column":9}},"39":{"start":{"line":101,"column":12},"end":{"line":103,"column":13}},"40":{"start":{"line":102,"column":16},"end":{"line":102,"column":45}},"41":{"start":{"line":106,"column":8},"end":{"line":110,"column":9}},"42":{"start":{"line":107,"column":12},"end":{"line":109,"column":13}},"43":{"start":{"line":108,"column":16},"end":{"line":108,"column":87}},"44":{"start":{"line":108,"column":62},"end":{"line":108,"column":86}},"45":{"start":{"line":111,"column":8},"end":{"line":111,"column":30}},"46":{"start":{"line":114,"column":12},"end":{"line":117,"column":5}},"47":{"start":{"line":115,"column":31},"end":{"line":115,"column":41}},"48":{"start":{"line":116,"column":8},"end":{"line":116,"column":73}},"49":{"start":{"line":119,"column":19},"end":{"line":125,"column":5}},"50":{"start":{"line":120,"column":31},"end":{"line":120,"column":41}},"51":{"start":{"line":121,"column":20},"end":{"line":121,"column":30}},"52":{"start":{"line":122,"column":20},"end":{"line":122,"column":33}},"53":{"start":{"line":123,"column":8},"end":{"line":123,"column":36}},"54":{"start":{"line":124,"column":8},"end":{"line":124,"column":42}},"55":{"start":{"line":128,"column":15},"end":{"line":141,"column":5}},"56":{"start":{"line":130,"column":36},"end":{"line":130,"column":46}},"57":{"start":{"line":132,"column":24},"end":{"line":132,"column":39}},"58":{"start":{"line":134,"column":20},"end":{"line":134,"column":44}},"59":{"start":{"line":136,"column":8},"end":{"line":136,"column":35}},"60":{"start":{"line":138,"column":8},"end":{"line":138,"column":51}},"61":{"start":{"line":143,"column":15},"end":{"line":147,"column":5}},"62":{"start":{"line":144,"column":30},"end":{"line":144,"column":40}},"63":{"start":{"line":145,"column":8},"end":{"line":145,"column":26}},"64":{"start":{"line":146,"column":8},"end":{"line":146,"column":46}},"65":{"start":{"line":152,"column":12},"end":{"line":152,"column":22}},"66":{"start":{"line":153,"column":8},"end":{"line":234,"column":9}},"67":{"start":{"line":163,"column":32},"end":{"line":177,"column":29}},"68":{"start":{"line":170,"column":52},"end":{"line":170,"column":74}},"69":{"start":{"line":205,"column":74},"end":{"line":205,"column":107}},"70":{"start":{"line":218,"column":74},"end":{"line":218,"column":107}},"71":{"start":{"line":227,"column":160},"end":{"line":227,"column":186}},"72":{"start":{"line":228,"column":160},"end":{"line":228,"column":179}},"73":{"start":{"line":229,"column":66},"end":{"line":229,"column":92}},"74":{"start":{"line":230,"column":66},"end":{"line":230,"column":78}}},"fnMap":{"0":{"name":"(anonymous_0)","decl":{"start":{"line":8,"column":4},"end":{"line":8,"column":5}},"loc":{"start":{"line":8,"column":23},"end":{"line":20,"column":5}},"line":8},"1":{"name":"(anonymous_1)","decl":{"start":{"line":22,"column":24},"end":{"line":22,"column":25}},"loc":{"start":{"line":22,"column":30},"end":{"line":78,"column":5}},"line":22},"2":{"name":"(anonymous_2)","decl":{"start":{"line":27,"column":18},"end":{"line":27,"column":19}},"loc":{"start":{"line":27,"column":39},"end":{"line":33,"column":13}},"line":27},"3":{"name":"(anonymous_3)","decl":{"start":{"line":29,"column":70},"end":{"line":29,"column":71}},"loc":{"start":{"line":29,"column":83},"end":{"line":29,"column":100}},"line":29},"4":{"name":"(anonymous_4)","decl":{"start":{"line":34,"column":18},"end":{"line":34,"column":19}},"loc":{"start":{"line":34,"column":39},"end":{"line":55,"column":13}},"line":34},"5":{"name":"(anonymous_5)","decl":{"start":{"line":38,"column":70},"end":{"line":38,"column":71}},"loc":{"start":{"line":38,"column":83},"end":{"line":38,"column":100}},"line":38},"6":{"name":"(anonymous_6)","decl":{"start":{"line":40,"column":40},"end":{"line":40,"column":41}},"loc":{"start":{"line":40,"column":60},"end":{"line":52,"column":13}},"line":40},"7":{"name":"(anonymous_7)","decl":{"start":{"line":42,"column":68},"end":{"line":42,"column":69}},"loc":{"start":{"line":43,"column":28},"end":{"line":43,"column":76}},"line":43},"8":{"name":"(anonymous_8)","decl":{"start":{"line":47,"column":68},"end":{"line":47,"column":69}},"loc":{"start":{"line":47,"column":81},"end":{"line":47,"column":119}},"line":47},"9":{"name":"(anonymous_9)","decl":{"start":{"line":63,"column":18},"end":{"line":63,"column":19}},"loc":{"start":{"line":63,"column":39},"end":{"line":73,"column":9}},"line":63},"10":{"name":"(anonymous_10)","decl":{"start":{"line":67,"column":70},"end":{"line":67,"column":71}},"loc":{"start":{"line":67,"column":83},"end":{"line":67,"column":100}},"line":67},"11":{"name":"(anonymous_11)","decl":{"start":{"line":68,"column":40},"end":{"line":68,"column":41}},"loc":{"start":{"line":68,"column":60},"end":{"line":71,"column":13}},"line":68},"12":{"name":"(anonymous_12)","decl":{"start":{"line":74,"column":19},"end":{"line":74,"column":20}},"loc":{"start":{"line":74,"column":28},"end":{"line":76,"column":13}},"line":74},"13":{"name":"(anonymous_13)","decl":{"start":{"line":82,"column":14},"end":{"line":82,"column":15}},"loc":{"start":{"line":82,"column":25},"end":{"line":88,"column":5}},"line":82},"14":{"name":"(anonymous_14)","decl":{"start":{"line":86,"column":19},"end":{"line":86,"column":20}},"loc":{"start":{"line":86,"column":25},"end":{"line":86,"column":44}},"line":86},"15":{"name":"(anonymous_15)","decl":{"start":{"line":90,"column":26},"end":{"line":90,"column":27}},"loc":{"start":{"line":90,"column":32},"end":{"line":112,"column":5}},"line":90},"16":{"name":"(anonymous_16)","decl":{"start":{"line":108,"column":49},"end":{"line":108,"column":50}},"loc":{"start":{"line":108,"column":62},"end":{"line":108,"column":86}},"line":108},"17":{"name":"(anonymous_17)","decl":{"start":{"line":114,"column":12},"end":{"line":114,"column":13}},"loc":{"start":{"line":114,"column":18},"end":{"line":117,"column":5}},"line":114},"18":{"name":"(anonymous_18)","decl":{"start":{"line":119,"column":19},"end":{"line":119,"column":20}},"loc":{"start":{"line":119,"column":25},"end":{"line":125,"column":5}},"line":119},"19":{"name":"(anonymous_19)","decl":{"start":{"line":128,"column":15},"end":{"line":128,"column":16}},"loc":{"start":{"line":128,"column":28},"end":{"line":141,"column":5}},"line":128},"20":{"name":"(anonymous_20)","decl":{"start":{"line":143,"column":15},"end":{"line":143,"column":16}},"loc":{"start":{"line":143,"column":22},"end":{"line":147,"column":5}},"line":143},"21":{"name":"(anonymous_21)","decl":{"start":{"line":149,"column":4},"end":{"line":149,"column":5}},"loc":{"start":{"line":149,"column":12},"end":{"line":235,"column":5}},"line":149},"22":{"name":"(anonymous_22)","decl":{"start":{"line":162,"column":62},"end":{"line":162,"column":63}},"loc":{"start":{"line":162,"column":73},"end":{"line":177,"column":30}},"line":162},"23":{"name":"(anonymous_23)","decl":{"start":{"line":170,"column":45},"end":{"line":170,"column":46}},"loc":{"start":{"line":170,"column":51},"end":{"line":170,"column":75}},"line":170},"24":{"name":"(anonymous_24)","decl":{"start":{"line":205,"column":67},"end":{"line":205,"column":68}},"loc":{"start":{"line":205,"column":73},"end":{"line":205,"column":108}},"line":205},"25":{"name":"(anonymous_25)","decl":{"start":{"line":218,"column":67},"end":{"line":218,"column":68}},"loc":{"start":{"line":218,"column":73},"end":{"line":218,"column":108}},"line":218},"26":{"name":"(anonymous_26)","decl":{"start":{"line":227,"column":153},"end":{"line":227,"column":154}},"loc":{"start":{"line":227,"column":159},"end":{"line":227,"column":187}},"line":227},"27":{"name":"(anonymous_27)","decl":{"start":{"line":228,"column":153},"end":{"line":228,"column":154}},"loc":{"start":{"line":228,"column":159},"end":{"line":228,"column":180}},"line":228},"28":{"name":"(anonymous_28)","decl":{"start":{"line":229,"column":59},"end":{"line":229,"column":60}},"loc":{"start":{"line":229,"column":65},"end":{"line":229,"column":93}},"line":229},"29":{"name":"(anonymous_29)","decl":{"start":{"line":230,"column":59},"end":{"line":230,"column":60}},"loc":{"start":{"line":230,"column":65},"end":{"line":230,"column":79}},"line":230}},"branchMap":{"0":{"loc":{"start":{"line":41,"column":20},"end":{"line":49,"column":21}},"type":"if","locations":[{"start":{"line":41,"column":20},"end":{"line":49,"column":21}},{"start":{"line":41,"column":20},"end":{"line":49,"column":21}}],"line":41},"1":{"loc":{"start":{"line":101,"column":12},"end":{"line":103,"column":13}},"type":"if","locations":[{"start":{"line":101,"column":12},"end":{"line":103,"column":13}},{"start":{"line":101,"column":12},"end":{"line":103,"column":13}}],"line":101},"2":{"loc":{"start":{"line":107,"column":12},"end":{"line":109,"column":13}},"type":"if","locations":[{"start":{"line":107,"column":12},"end":{"line":109,"column":13}},{"start":{"line":107,"column":12},"end":{"line":109,"column":13}}],"line":107},"3":{"loc":{"start":{"line":187,"column":21},"end":{"line":187,"column":127}},"type":"binary-expr","locations":[{"start":{"line":187,"column":21},"end":{"line":187,"column":42}},{"start":{"line":187,"column":45},"end":{"line":187,"column":127}}],"line":187},"4":{"loc":{"start":{"line":188,"column":21},"end":{"line":195,"column":31}},"type":"binary-expr","locations":[{"start":{"line":188,"column":21},"end":{"line":188,"column":43}},{"start":{"line":188,"column":47},"end":{"line":195,"column":31}}],"line":188},"5":{"loc":{"start":{"line":196,"column":21},"end":{"line":226,"column":40}},"type":"binary-expr","locations":[{"start":{"line":196,"column":21},"end":{"line":196,"column":42}},{"start":{"line":197,"column":24},"end":{"line":226,"column":40}}],"line":196},"6":{"loc":{"start":{"line":204,"column":33},"end":{"line":206,"column":41}},"type":"binary-expr","locations":[{"start":{"line":204,"column":33},"end":{"line":204,"column":60}},{"start":{"line":205,"column":32},"end":{"line":206,"column":41}}],"line":204},"7":{"loc":{"start":{"line":227,"column":25},"end":{"line":227,"column":209}},"type":"binary-expr","locations":[{"start":{"line":227,"column":25},"end":{"line":227,"column":47}},{"start":{"line":227,"column":51},"end":{"line":227,"column":209}}],"line":227},"8":{"loc":{"start":{"line":228,"column":25},"end":{"line":230,"column":103}},"type":"binary-expr","locations":[{"start":{"line":228,"column":25},"end":{"line":228,"column":46}},{"start":{"line":228,"column":50},"end":{"line":230,"column":103}}],"line":228}},"s":{"0":1,"1":1,"2":1,"3":1,"4":1,"5":1,"6":1,"7":1,"8":1,"9":1,"10":1,"11":1,"12":1,"13":1,"14":0,"15":0,"16":0,"17":1,"18":1,"19":1,"20":1,"21":1,"22":1,"23":1,"24":1,"25":1,"26":1,"27":1,"28":0,"29":1,"30":0,"31":0,"32":0,"33":1,"34":0,"35":0,"36":0,"37":0,"38":0,"39":0,"40":0,"41":0,"42":0,"43":0,"44":0,"45":0,"46":1,"47":0,"48":0,"49":1,"50":0,"51":0,"52":0,"53":0,"54":0,"55":1,"56":0,"57":0,"58":0,"59":0,"60":0,"61":1,"62":0,"63":0,"64":0,"65":4,"66":4,"67":2,"68":0,"69":0,"70":0,"71":0,"72":0,"73":0,"74":0},"f":{"0":1,"1":1,"2":1,"3":1,"4":1,"5":1,"6":1,"7":0,"8":1,"9":1,"10":1,"11":1,"12":0,"13":0,"14":0,"15":0,"16":0,"17":0,"18":0,"19":0,"20":0,"21":4,"22":2,"23":0,"24":0,"25":0,"26":0,"27":0,"28":0,"29":0},"b":{"0":[0,1],"1":[0,0],"2":[0,0],"3":[4,0],"4":[4,4],"5":[4,0],"6":[0,0],"7":[4,4],"8":[4,0]},"_coverageSchema":"1a1c01bbd47fc00a2c39e90264f33305004495a9","hash":"0b2726855e34c9f313f6ab0f72033b8cb8a33c24"}
,"/Users/learn/Desktop/Platform/app/javascript/components/FlashcardManage.js": {"path":"/Users/learn/Desktop/Platform/app/javascript/components/FlashcardManage.js","statementMap":{"0":{"start":{"line":9,"column":8},"end":{"line":9,"column":21}},"1":{"start":{"line":10,"column":8},"end":{"line":23,"column":9}},"2":{"start":{"line":26,"column":24},"end":{"line":31,"column":5}},"3":{"start":{"line":30,"column":8},"end":{"line":30,"column":24}},"4":{"start":{"line":33,"column":16},"end":{"line":47,"column":5}},"5":{"start":{"line":35,"column":8},"end":{"line":35,"column":62}},"6":{"start":{"line":36,"column":8},"end":{"line":46,"column":47}},"7":{"start":{"line":38,"column":16},"end":{"line":38,"column":86}},"8":{"start":{"line":38,"column":54},"end":{"line":38,"column":85}},"9":{"start":{"line":41,"column":16},"end":{"line":41,"column":102}},"10":{"start":{"line":41,"column":53},"end":{"line":41,"column":101}},"11":{"start":{"line":44,"column":16},"end":{"line":44,"column":47}},"12":{"start":{"line":46,"column":28},"end":{"line":46,"column":46}},"13":{"start":{"line":49,"column":19},"end":{"line":60,"column":5}},"14":{"start":{"line":50,"column":8},"end":{"line":50,"column":36}},"15":{"start":{"line":51,"column":31},"end":{"line":51,"column":41}},"16":{"start":{"line":52,"column":24},"end":{"line":58,"column":10}},"17":{"start":{"line":59,"column":8},"end":{"line":59,"column":86}},"18":{"start":{"line":62,"column":20},"end":{"line":73,"column":5}},"19":{"start":{"line":63,"column":8},"end":{"line":63,"column":44}},"20":{"start":{"line":64,"column":8},"end":{"line":64,"column":31}},"21":{"start":{"line":65,"column":8},"end":{"line":65,"column":28}},"22":{"start":{"line":66,"column":8},"end":{"line":72,"column":43}},"23":{"start":{"line":68,"column":12},"end":{"line":70,"column":13}},"24":{"start":{"line":69,"column":16},"end":{"line":69,"column":39}},"25":{"start":{"line":72,"column":24},"end":{"line":72,"column":42}},"26":{"start":{"line":75,"column":20},"end":{"line":86,"column":5}},"27":{"start":{"line":76,"column":8},"end":{"line":76,"column":28}},"28":{"start":{"line":77,"column":27},"end":{"line":77,"column":37}},"29":{"start":{"line":78,"column":8},"end":{"line":85,"column":43}},"30":{"start":{"line":80,"column":12},"end":{"line":83,"column":13}},"31":{"start":{"line":81,"column":16},"end":{"line":81,"column":32}},"32":{"start":{"line":82,"column":16},"end":{"line":82,"column":45}},"33":{"start":{"line":85,"column":24},"end":{"line":85,"column":42}},"34":{"start":{"line":88,"column":22},"end":{"line":96,"column":5}},"35":{"start":{"line":89,"column":8},"end":{"line":89,"column":30}},"36":{"start":{"line":90,"column":8},"end":{"line":90,"column":31}},"37":{"start":{"line":91,"column":8},"end":{"line":95,"column":43}},"38":{"start":{"line":93,"column":12},"end":{"line":93,"column":28}},"39":{"start":{"line":95,"column":24},"end":{"line":95,"column":42}},"40":{"start":{"line":98,"column":20},"end":{"line":100,"column":5}},"41":{"start":{"line":99,"column":8},"end":{"line":99,"column":82}},"42":{"start":{"line":103,"column":19},"end":{"line":107,"column":5}},"43":{"start":{"line":104,"column":23},"end":{"line":104,"column":33}},"44":{"start":{"line":105,"column":8},"end":{"line":105,"column":52}},"45":{"start":{"line":106,"column":8},"end":{"line":106,"column":35}},"46":{"start":{"line":110,"column":49},"end":{"line":110,"column":59}},"47":{"start":{"line":111,"column":43},"end":{"line":111,"column":58}},"48":{"start":{"line":112,"column":8},"end":{"line":232,"column":9}},"49":{"start":{"line":125,"column":24},"end":{"line":156,"column":25}},"50":{"start":{"line":131,"column":51},"end":{"line":131,"column":80}},"51":{"start":{"line":144,"column":79},"end":{"line":144,"column":110}},"52":{"start":{"line":160,"column":62},"end":{"line":160,"column":81}},"53":{"start":{"line":227,"column":115},"end":{"line":227,"column":150}},"54":{"start":{"line":228,"column":116},"end":{"line":228,"column":151}}},"fnMap":{"0":{"name":"(anonymous_0)","decl":{"start":{"line":8,"column":4},"end":{"line":8,"column":5}},"loc":{"start":{"line":8,"column":23},"end":{"line":24,"column":5}},"line":8},"1":{"name":"(anonymous_1)","decl":{"start":{"line":26,"column":24},"end":{"line":26,"column":25}},"loc":{"start":{"line":26,"column":30},"end":{"line":31,"column":5}},"line":26},"2":{"name":"(anonymous_2)","decl":{"start":{"line":33,"column":16},"end":{"line":33,"column":17}},"loc":{"start":{"line":33,"column":22},"end":{"line":47,"column":5}},"line":33},"3":{"name":"(anonymous_3)","decl":{"start":{"line":37,"column":18},"end":{"line":37,"column":19}},"loc":{"start":{"line":37,"column":32},"end":{"line":39,"column":13}},"line":37},"4":{"name":"(anonymous_4)","decl":{"start":{"line":38,"column":41},"end":{"line":38,"column":42}},"loc":{"start":{"line":38,"column":54},"end":{"line":38,"column":85}},"line":38},"5":{"name":"(anonymous_5)","decl":{"start":{"line":40,"column":18},"end":{"line":40,"column":19}},"loc":{"start":{"line":40,"column":31},"end":{"line":42,"column":13}},"line":40},"6":{"name":"(anonymous_6)","decl":{"start":{"line":41,"column":40},"end":{"line":41,"column":41}},"loc":{"start":{"line":41,"column":53},"end":{"line":41,"column":101}},"line":41},"7":{"name":"(anonymous_7)","decl":{"start":{"line":43,"column":18},"end":{"line":43,"column":19}},"loc":{"start":{"line":43,"column":28},"end":{"line":45,"column":13}},"line":43},"8":{"name":"(anonymous_8)","decl":{"start":{"line":46,"column":19},"end":{"line":46,"column":20}},"loc":{"start":{"line":46,"column":28},"end":{"line":46,"column":46}},"line":46},"9":{"name":"(anonymous_9)","decl":{"start":{"line":49,"column":19},"end":{"line":49,"column":20}},"loc":{"start":{"line":49,"column":25},"end":{"line":60,"column":5}},"line":49},"10":{"name":"(anonymous_10)","decl":{"start":{"line":62,"column":20},"end":{"line":62,"column":21}},"loc":{"start":{"line":62,"column":35},"end":{"line":73,"column":5}},"line":62},"11":{"name":"(anonymous_11)","decl":{"start":{"line":67,"column":14},"end":{"line":67,"column":15}},"loc":{"start":{"line":67,"column":28},"end":{"line":71,"column":9}},"line":67},"12":{"name":"(anonymous_12)","decl":{"start":{"line":72,"column":15},"end":{"line":72,"column":16}},"loc":{"start":{"line":72,"column":24},"end":{"line":72,"column":42}},"line":72},"13":{"name":"(anonymous_13)","decl":{"start":{"line":75,"column":20},"end":{"line":75,"column":21}},"loc":{"start":{"line":75,"column":35},"end":{"line":86,"column":5}},"line":75},"14":{"name":"(anonymous_14)","decl":{"start":{"line":79,"column":14},"end":{"line":79,"column":15}},"loc":{"start":{"line":79,"column":28},"end":{"line":84,"column":9}},"line":79},"15":{"name":"(anonymous_15)","decl":{"start":{"line":85,"column":15},"end":{"line":85,"column":16}},"loc":{"start":{"line":85,"column":24},"end":{"line":85,"column":42}},"line":85},"16":{"name":"(anonymous_16)","decl":{"start":{"line":88,"column":22},"end":{"line":88,"column":23}},"loc":{"start":{"line":88,"column":37},"end":{"line":96,"column":5}},"line":88},"17":{"name":"(anonymous_17)","decl":{"start":{"line":92,"column":14},"end":{"line":92,"column":15}},"loc":{"start":{"line":92,"column":28},"end":{"line":94,"column":9}},"line":92},"18":{"name":"(anonymous_18)","decl":{"start":{"line":95,"column":15},"end":{"line":95,"column":16}},"loc":{"start":{"line":95,"column":24},"end":{"line":95,"column":42}},"line":95},"19":{"name":"(anonymous_19)","decl":{"start":{"line":98,"column":20},"end":{"line":98,"column":21}},"loc":{"start":{"line":98,"column":35},"end":{"line":100,"column":5}},"line":98},"20":{"name":"(anonymous_20)","decl":{"start":{"line":103,"column":19},"end":{"line":103,"column":20}},"loc":{"start":{"line":103,"column":30},"end":{"line":107,"column":5}},"line":103},"21":{"name":"(anonymous_21)","decl":{"start":{"line":109,"column":4},"end":{"line":109,"column":5}},"loc":{"start":{"line":109,"column":12},"end":{"line":233,"column":5}},"line":109},"22":{"name":"(anonymous_22)","decl":{"start":{"line":124,"column":33},"end":{"line":124,"column":34}},"loc":{"start":{"line":124,"column":50},"end":{"line":157,"column":21}},"line":124},"23":{"name":"(anonymous_23)","decl":{"start":{"line":131,"column":45},"end":{"line":131,"column":46}},"loc":{"start":{"line":131,"column":51},"end":{"line":131,"column":80}},"line":131},"24":{"name":"(anonymous_24)","decl":{"start":{"line":144,"column":72},"end":{"line":144,"column":73}},"loc":{"start":{"line":144,"column":78},"end":{"line":144,"column":111}},"line":144},"25":{"name":"(anonymous_25)","decl":{"start":{"line":160,"column":55},"end":{"line":160,"column":56}},"loc":{"start":{"line":160,"column":61},"end":{"line":160,"column":82}},"line":160},"26":{"name":"(anonymous_26)","decl":{"start":{"line":227,"column":109},"end":{"line":227,"column":110}},"loc":{"start":{"line":227,"column":115},"end":{"line":227,"column":150}},"line":227},"27":{"name":"(anonymous_27)","decl":{"start":{"line":228,"column":110},"end":{"line":228,"column":111}},"loc":{"start":{"line":228,"column":116},"end":{"line":228,"column":151}},"line":228}},"branchMap":{"0":{"loc":{"start":{"line":68,"column":12},"end":{"line":70,"column":13}},"type":"if","locations":[{"start":{"line":68,"column":12},"end":{"line":70,"column":13}},{"start":{"line":68,"column":12},"end":{"line":70,"column":13}}],"line":68},"1":{"loc":{"start":{"line":80,"column":12},"end":{"line":83,"column":13}},"type":"if","locations":[{"start":{"line":80,"column":12},"end":{"line":83,"column":13}},{"start":{"line":80,"column":12},"end":{"line":83,"column":13}}],"line":80},"2":{"loc":{"start":{"line":169,"column":21},"end":{"line":169,"column":98}},"type":"binary-expr","locations":[{"start":{"line":169,"column":21},"end":{"line":169,"column":36}},{"start":{"line":169,"column":40},"end":{"line":169,"column":98}}],"line":169},"3":{"loc":{"start":{"line":170,"column":21},"end":{"line":173,"column":34}},"type":"binary-expr","locations":[{"start":{"line":170,"column":21},"end":{"line":170,"column":36}},{"start":{"line":171,"column":22},"end":{"line":173,"column":34}}],"line":170},"4":{"loc":{"start":{"line":175,"column":21},"end":{"line":197,"column":27}},"type":"binary-expr","locations":[{"start":{"line":175,"column":21},"end":{"line":175,"column":26}},{"start":{"line":175,"column":30},"end":{"line":197,"column":27}}],"line":175},"5":{"loc":{"start":{"line":198,"column":25},"end":{"line":223,"column":31}},"type":"binary-expr","locations":[{"start":{"line":198,"column":25},"end":{"line":198,"column":31}},{"start":{"line":198,"column":35},"end":{"line":223,"column":31}}],"line":198},"6":{"loc":{"start":{"line":227,"column":21},"end":{"line":227,"column":174}},"type":"binary-expr","locations":[{"start":{"line":227,"column":21},"end":{"line":227,"column":26}},{"start":{"line":227,"column":30},"end":{"line":227,"column":174}}],"line":227},"7":{"loc":{"start":{"line":228,"column":21},"end":{"line":228,"column":175}},"type":"binary-expr","locations":[{"start":{"line":228,"column":21},"end":{"line":228,"column":27}},{"start":{"line":228,"column":31},"end":{"line":228,"column":175}}],"line":228}},"s":{"0":4,"1":4,"2":4,"3":4,"4":4,"5":5,"6":5,"7":5,"8":5,"9":5,"10":5,"11":5,"12":0,"13":4,"14":0,"15":0,"16":0,"17":0,"18":4,"19":1,"20":1,"21":1,"22":1,"23":1,"24":0,"25":0,"26":4,"27":1,"28":1,"29":1,"30":1,"31":0,"32":0,"33":0,"34":4,"35":1,"36":1,"37":1,"38":1,"39":0,"40":4,"41":0,"42":4,"43":0,"44":0,"45":0,"46":14,"47":14,"48":14,"49":14,"50":0,"51":0,"52":0,"53":0,"54":0},"f":{"0":4,"1":4,"2":5,"3":5,"4":5,"5":5,"6":5,"7":5,"8":0,"9":0,"10":1,"11":1,"12":0,"13":1,"14":1,"15":0,"16":1,"17":1,"18":0,"19":0,"20":0,"21":14,"22":14,"23":0,"24":0,"25":0,"26":0,"27":0},"b":{"0":[0,1],"1":[0,1],"2":[14,10],"3":[14,10],"4":[14,14],"5":[14,0],"6":[14,14],"7":[14,0]},"_coverageSchema":"1a1c01bbd47fc00a2c39e90264f33305004495a9","hash":"ab236d2befddf6c1cc754ea240931fe979980bc2"}
,"/Users/learn/Desktop/Platform/app/javascript/components/Home.js": {"path":"/Users/learn/Desktop/Platform/app/javascript/components/Home.js","statementMap":{"0":{"start":{"line":13,"column":12},"end":{"line":13,"column":22}},"1":{"start":{"line":14,"column":8},"end":{"line":39,"column":9}}},"fnMap":{"0":{"name":"(anonymous_0)","decl":{"start":{"line":8,"column":4},"end":{"line":8,"column":5}},"loc":{"start":{"line":8,"column":12},"end":{"line":40,"column":5}},"line":8}},"branchMap":{"0":{"loc":{"start":{"line":22,"column":25},"end":{"line":24,"column":28}},"type":"binary-expr","locations":[{"start":{"line":22,"column":25},"end":{"line":22,"column":34}},{"start":{"line":22,"column":38},"end":{"line":24,"column":28}}],"line":22},"1":{"loc":{"start":{"line":25,"column":25},"end":{"line":27,"column":28}},"type":"binary-expr","locations":[{"start":{"line":25,"column":25},"end":{"line":25,"column":35}},{"start":{"line":25,"column":39},"end":{"line":27,"column":28}}],"line":25}},"s":{"0":1,"1":1},"f":{"0":1},"b":{"0":[1,0],"1":[1,1]},"_coverageSchema":"1a1c01bbd47fc00a2c39e90264f33305004495a9","hash":"300883e8a2062b6252ca8cfdce9e90b92e8f8054"}
,"/Users/learn/Desktop/Platform/app/javascript/components/apiCalls.js": {"path":"/Users/learn/Desktop/Platform/app/javascript/components/apiCalls.js","statementMap":{"0":{"start":{"line":1,"column":29},"end":{"line":9,"column":1}},"1":{"start":{"line":2,"column":4},"end":{"line":8,"column":6}},"2":{"start":{"line":4,"column":8},"end":{"line":6,"column":9}},"3":{"start":{"line":5,"column":12},"end":{"line":5,"column":52}},"4":{"start":{"line":7,"column":8},"end":{"line":7,"column":30}},"5":{"start":{"line":11,"column":31},"end":{"line":17,"column":1}},"6":{"start":{"line":12,"column":4},"end":{"line":16,"column":10}},"7":{"start":{"line":14,"column":12},"end":{"line":15,"column":62}},"8":{"start":{"line":14,"column":30},"end":{"line":14,"column":52}},"9":{"start":{"line":15,"column":18},"end":{"line":15,"column":61}},"10":{"start":{"line":19,"column":30},"end":{"line":27,"column":1}},"11":{"start":{"line":20,"column":4},"end":{"line":26,"column":8}},"12":{"start":{"line":29,"column":32},"end":{"line":37,"column":1}},"13":{"start":{"line":30,"column":4},"end":{"line":36,"column":8}},"14":{"start":{"line":39,"column":30},"end":{"line":47,"column":1}},"15":{"start":{"line":40,"column":4},"end":{"line":46,"column":8}}},"fnMap":{"0":{"name":"(anonymous_0)","decl":{"start":{"line":1,"column":29},"end":{"line":1,"column":30}},"loc":{"start":{"line":1,"column":35},"end":{"line":9,"column":1}},"line":1},"1":{"name":"(anonymous_1)","decl":{"start":{"line":3,"column":10},"end":{"line":3,"column":11}},"loc":{"start":{"line":3,"column":22},"end":{"line":8,"column":5}},"line":3},"2":{"name":"(anonymous_2)","decl":{"start":{"line":11,"column":31},"end":{"line":11,"column":32}},"loc":{"start":{"line":11,"column":37},"end":{"line":17,"column":1}},"line":11},"3":{"name":"(anonymous_3)","decl":{"start":{"line":13,"column":14},"end":{"line":13,"column":15}},"loc":{"start":{"line":13,"column":26},"end":{"line":16,"column":9}},"line":13},"4":{"name":"(anonymous_4)","decl":{"start":{"line":19,"column":30},"end":{"line":19,"column":31}},"loc":{"start":{"line":19,"column":45},"end":{"line":27,"column":1}},"line":19},"5":{"name":"(anonymous_5)","decl":{"start":{"line":29,"column":32},"end":{"line":29,"column":33}},"loc":{"start":{"line":29,"column":47},"end":{"line":37,"column":1}},"line":29},"6":{"name":"(anonymous_6)","decl":{"start":{"line":39,"column":30},"end":{"line":39,"column":31}},"loc":{"start":{"line":39,"column":45},"end":{"line":47,"column":1}},"line":39}},"branchMap":{"0":{"loc":{"start":{"line":4,"column":8},"end":{"line":6,"column":9}},"type":"if","locations":[{"start":{"line":4,"column":8},"end":{"line":6,"column":9}},{"start":{"line":4,"column":8},"end":{"line":6,"column":9}}],"line":4},"1":{"loc":{"start":{"line":14,"column":12},"end":{"line":15,"column":62}},"type":"if","locations":[{"start":{"line":14,"column":12},"end":{"line":15,"column":62}},{"start":{"line":14,"column":12},"end":{"line":15,"column":62}}],"line":14}},"s":{"0":3,"1":4,"2":3,"3":1,"4":2,"5":3,"6":4,"7":3,"8":2,"9":1,"10":3,"11":1,"12":3,"13":1,"14":3,"15":1},"f":{"0":4,"1":3,"2":4,"3":3,"4":1,"5":1,"6":1},"b":{"0":[1,2],"1":[2,1]},"_coverageSchema":"1a1c01bbd47fc00a2c39e90264f33305004495a9","hash":"b01918ad98f7e063f4a60741040c83f166e1a207"}
}
