{"/Users/learn/Desktop/Platform/app/javascript/components/About.js": {"path":"/Users/learn/Desktop/Platform/app/javascript/components/About.js","statementMap":{"0":{"start":{"line":6,"column":8},"end":{"line":24,"column":9}}},"fnMap":{"0":{"name":"(anonymous_0)","decl":{"start":{"line":5,"column":4},"end":{"line":5,"column":5}},"loc":{"start":{"line":5,"column":12},"end":{"line":25,"column":5}},"line":5}},"branchMap":{},"s":{"0":1},"f":{"0":1},"b":{},"_coverageSchema":"1a1c01bbd47fc00a2c39e90264f33305004495a9","hash":"dcedafdd22e50df999b3fc807ba93aaabad934f8"}
,"/Users/learn/Desktop/Platform/app/javascript/components/App.js": {"path":"/Users/learn/Desktop/Platform/app/javascript/components/App.js","statementMap":{"0":{"start":{"line":12,"column":8},"end":{"line":12,"column":21}},"1":{"start":{"line":13,"column":8},"end":{"line":15,"column":9}},"2":{"start":{"line":24,"column":12},"end":{"line":24,"column":22}},"3":{"start":{"line":26,"column":4},"end":{"line":44,"column":6}},"4":{"start":{"line":41,"column":52},"end":{"line":41,"column":70}}},"fnMap":{"0":{"name":"(anonymous_0)","decl":{"start":{"line":11,"column":4},"end":{"line":11,"column":5}},"loc":{"start":{"line":11,"column":23},"end":{"line":17,"column":5}},"line":11},"1":{"name":"(anonymous_1)","decl":{"start":{"line":18,"column":4},"end":{"line":18,"column":5}},"loc":{"start":{"line":18,"column":14},"end":{"line":45,"column":3}},"line":18},"2":{"name":"(anonymous_2)","decl":{"start":{"line":41,"column":42},"end":{"line":41,"column":43}},"loc":{"start":{"line":41,"column":52},"end":{"line":41,"column":70}},"line":41}},"branchMap":{"0":{"loc":{"start":{"line":33,"column":15},"end":{"line":33,"column":79}},"type":"binary-expr","locations":[{"start":{"line":33,"column":15},"end":{"line":33,"column":24}},{"start":{"line":33,"column":28},"end":{"line":33,"column":79}}],"line":33},"1":{"loc":{"start":{"line":34,"column":15},"end":{"line":34,"column":78}},"type":"binary-expr","locations":[{"start":{"line":34,"column":15},"end":{"line":34,"column":25}},{"start":{"line":34,"column":29},"end":{"line":34,"column":78}}],"line":34},"2":{"loc":{"start":{"line":35,"column":15},"end":{"line":35,"column":83}},"type":"binary-expr","locations":[{"start":{"line":35,"column":15},"end":{"line":35,"column":25}},{"start":{"line":35,"column":28},"end":{"line":35,"column":83}}],"line":35}},"s":{"0":1,"1":1,"2":1,"3":1,"4":1},"f":{"0":1,"1":1,"2":1},"b":{"0":[1,0],"1":[1,1],"2":[1,1]},"_coverageSchema":"1a1c01bbd47fc00a2c39e90264f33305004495a9","hash":"5b67bc033b894dce731822c1957e5641e1bfb57b"}
,"/Users/learn/Desktop/Platform/app/javascript/components/Flashcard.js": {"path":"/Users/learn/Desktop/Platform/app/javascript/components/Flashcard.js","statementMap":{"0":{"start":{"line":14,"column":8},"end":{"line":14,"column":21}},"1":{"start":{"line":15,"column":8},"end":{"line":39,"column":9}},"2":{"start":{"line":42,"column":24},"end":{"line":71,"column":5}},"3":{"start":{"line":45,"column":8},"end":{"line":70,"column":14}},"4":{"start":{"line":47,"column":31},"end":{"line":47,"column":86}},"5":{"start":{"line":47,"column":71},"end":{"line":47,"column":83}},"6":{"start":{"line":48,"column":16},"end":{"line":48,"column":50}},"7":{"start":{"line":49,"column":25},"end":{"line":49,"column":91}},"8":{"start":{"line":49,"column":54},"end":{"line":49,"column":90}},"9":{"start":{"line":50,"column":16},"end":{"line":50,"column":41}},"10":{"start":{"line":51,"column":28},"end":{"line":51,"column":92}},"11":{"start":{"line":51,"column":57},"end":{"line":51,"column":91}},"12":{"start":{"line":52,"column":16},"end":{"line":52,"column":47}},"13":{"start":{"line":53,"column":32},"end":{"line":53,"column":97}},"14":{"start":{"line":53,"column":61},"end":{"line":53,"column":96}},"15":{"start":{"line":54,"column":16},"end":{"line":54,"column":55}},"16":{"start":{"line":55,"column":27},"end":{"line":55,"column":87}},"17":{"start":{"line":55,"column":56},"end":{"line":55,"column":86}},"18":{"start":{"line":56,"column":16},"end":{"line":56,"column":45}},"19":{"start":{"line":57,"column":30},"end":{"line":57,"column":88}},"20":{"start":{"line":57,"column":59},"end":{"line":57,"column":87}},"21":{"start":{"line":58,"column":16},"end":{"line":58,"column":51}},"22":{"start":{"line":59,"column":34},"end":{"line":59,"column":93}},"23":{"start":{"line":59,"column":63},"end":{"line":59,"column":92}},"24":{"start":{"line":60,"column":16},"end":{"line":60,"column":59}},"25":{"start":{"line":61,"column":28},"end":{"line":61,"column":89}},"26":{"start":{"line":61,"column":57},"end":{"line":61,"column":88}},"27":{"start":{"line":62,"column":16},"end":{"line":62,"column":47}},"28":{"start":{"line":63,"column":28},"end":{"line":63,"column":89}},"29":{"start":{"line":63,"column":57},"end":{"line":63,"column":88}},"30":{"start":{"line":64,"column":16},"end":{"line":64,"column":47}},"31":{"start":{"line":65,"column":29},"end":{"line":65,"column":83}},"32":{"start":{"line":65,"column":58},"end":{"line":65,"column":82}},"33":{"start":{"line":66,"column":16},"end":{"line":66,"column":49}},"34":{"start":{"line":69,"column":16},"end":{"line":69,"column":66}},"35":{"start":{"line":73,"column":14},"end":{"line":81,"column":5}},"36":{"start":{"line":77,"column":8},"end":{"line":77,"column":45}},"37":{"start":{"line":77,"column":25},"end":{"line":77,"column":44}},"38":{"start":{"line":78,"column":8},"end":{"line":78,"column":42}},"39":{"start":{"line":79,"column":8},"end":{"line":79,"column":43}},"40":{"start":{"line":80,"column":8},"end":{"line":80,"column":46}},"41":{"start":{"line":83,"column":26},"end":{"line":113,"column":5}},"42":{"start":{"line":95,"column":12},"end":{"line":95,"column":22}},"43":{"start":{"line":97,"column":23},"end":{"line":97,"column":25}},"44":{"start":{"line":99,"column":8},"end":{"line":99,"column":45}},"45":{"start":{"line":103,"column":8},"end":{"line":103,"column":63}},"46":{"start":{"line":103,"column":15},"end":{"line":103,"column":62}},"47":{"start":{"line":103,"column":37},"end":{"line":103,"column":61}},"48":{"start":{"line":104,"column":8},"end":{"line":104,"column":69}},"49":{"start":{"line":104,"column":18},"end":{"line":104,"column":68}},"50":{"start":{"line":104,"column":43},"end":{"line":104,"column":67}},"51":{"start":{"line":105,"column":8},"end":{"line":105,"column":77}},"52":{"start":{"line":105,"column":22},"end":{"line":105,"column":76}},"53":{"start":{"line":105,"column":51},"end":{"line":105,"column":75}},"54":{"start":{"line":106,"column":8},"end":{"line":106,"column":67}},"55":{"start":{"line":106,"column":17},"end":{"line":106,"column":66}},"56":{"start":{"line":106,"column":41},"end":{"line":106,"column":65}},"57":{"start":{"line":107,"column":8},"end":{"line":107,"column":73}},"58":{"start":{"line":107,"column":20},"end":{"line":107,"column":72}},"59":{"start":{"line":107,"column":47},"end":{"line":107,"column":71}},"60":{"start":{"line":108,"column":8},"end":{"line":108,"column":81}},"61":{"start":{"line":108,"column":24},"end":{"line":108,"column":80}},"62":{"start":{"line":108,"column":55},"end":{"line":108,"column":79}},"63":{"start":{"line":109,"column":8},"end":{"line":109,"column":69}},"64":{"start":{"line":109,"column":18},"end":{"line":109,"column":68}},"65":{"start":{"line":109,"column":43},"end":{"line":109,"column":67}},"66":{"start":{"line":110,"column":8},"end":{"line":110,"column":69}},"67":{"start":{"line":110,"column":18},"end":{"line":110,"column":68}},"68":{"start":{"line":110,"column":43},"end":{"line":110,"column":67}},"69":{"start":{"line":111,"column":8},"end":{"line":111,"column":71}},"70":{"start":{"line":111,"column":19},"end":{"line":111,"column":70}},"71":{"start":{"line":111,"column":45},"end":{"line":111,"column":69}},"72":{"start":{"line":112,"column":8},"end":{"line":112,"column":30}},"73":{"start":{"line":115,"column":12},"end":{"line":118,"column":5}},"74":{"start":{"line":116,"column":31},"end":{"line":116,"column":41}},"75":{"start":{"line":117,"column":8},"end":{"line":117,"column":56}},"76":{"start":{"line":120,"column":19},"end":{"line":126,"column":5}},"77":{"start":{"line":121,"column":31},"end":{"line":121,"column":41}},"78":{"start":{"line":122,"column":20},"end":{"line":122,"column":30}},"79":{"start":{"line":123,"column":20},"end":{"line":123,"column":33}},"80":{"start":{"line":124,"column":8},"end":{"line":124,"column":36}},"81":{"start":{"line":125,"column":8},"end":{"line":125,"column":42}},"82":{"start":{"line":129,"column":15},"end":{"line":131,"column":5}},"83":{"start":{"line":130,"column":8},"end":{"line":130,"column":29}},"84":{"start":{"line":145,"column":12},"end":{"line":145,"column":22}},"85":{"start":{"line":146,"column":8},"end":{"line":258,"column":9}},"86":{"start":{"line":171,"column":48},"end":{"line":171,"column":71}},"87":{"start":{"line":177,"column":48},"end":{"line":177,"column":77}},"88":{"start":{"line":183,"column":48},"end":{"line":183,"column":85}},"89":{"start":{"line":189,"column":48},"end":{"line":189,"column":75}},"90":{"start":{"line":195,"column":48},"end":{"line":195,"column":81}},"91":{"start":{"line":201,"column":48},"end":{"line":201,"column":89}},"92":{"start":{"line":207,"column":48},"end":{"line":207,"column":77}},"93":{"start":{"line":213,"column":48},"end":{"line":213,"column":77}},"94":{"start":{"line":219,"column":48},"end":{"line":219,"column":79}},"95":{"start":{"line":249,"column":97},"end":{"line":249,"column":123}},"96":{"start":{"line":250,"column":96},"end":{"line":250,"column":115}},"97":{"start":{"line":251,"column":96},"end":{"line":251,"column":129}},"98":{"start":{"line":252,"column":96},"end":{"line":252,"column":122}},"99":{"start":{"line":253,"column":96},"end":{"line":253,"column":108}}},"fnMap":{"0":{"name":"(anonymous_0)","decl":{"start":{"line":13,"column":4},"end":{"line":13,"column":5}},"loc":{"start":{"line":13,"column":23},"end":{"line":40,"column":5}},"line":13},"1":{"name":"(anonymous_1)","decl":{"start":{"line":42,"column":24},"end":{"line":42,"column":25}},"loc":{"start":{"line":42,"column":30},"end":{"line":71,"column":5}},"line":42},"2":{"name":"(anonymous_2)","decl":{"start":{"line":46,"column":18},"end":{"line":46,"column":19}},"loc":{"start":{"line":46,"column":39},"end":{"line":67,"column":13}},"line":46},"3":{"name":"(anonymous_3)","decl":{"start":{"line":47,"column":63},"end":{"line":47,"column":64}},"loc":{"start":{"line":47,"column":71},"end":{"line":47,"column":83}},"line":47},"4":{"name":"(anonymous_4)","decl":{"start":{"line":49,"column":48},"end":{"line":49,"column":49}},"loc":{"start":{"line":49,"column":54},"end":{"line":49,"column":90}},"line":49},"5":{"name":"(anonymous_5)","decl":{"start":{"line":51,"column":51},"end":{"line":51,"column":52}},"loc":{"start":{"line":51,"column":57},"end":{"line":51,"column":91}},"line":51},"6":{"name":"(anonymous_6)","decl":{"start":{"line":53,"column":55},"end":{"line":53,"column":56}},"loc":{"start":{"line":53,"column":61},"end":{"line":53,"column":96}},"line":53},"7":{"name":"(anonymous_7)","decl":{"start":{"line":55,"column":50},"end":{"line":55,"column":51}},"loc":{"start":{"line":55,"column":56},"end":{"line":55,"column":86}},"line":55},"8":{"name":"(anonymous_8)","decl":{"start":{"line":57,"column":53},"end":{"line":57,"column":54}},"loc":{"start":{"line":57,"column":59},"end":{"line":57,"column":87}},"line":57},"9":{"name":"(anonymous_9)","decl":{"start":{"line":59,"column":57},"end":{"line":59,"column":58}},"loc":{"start":{"line":59,"column":63},"end":{"line":59,"column":92}},"line":59},"10":{"name":"(anonymous_10)","decl":{"start":{"line":61,"column":51},"end":{"line":61,"column":52}},"loc":{"start":{"line":61,"column":57},"end":{"line":61,"column":88}},"line":61},"11":{"name":"(anonymous_11)","decl":{"start":{"line":63,"column":51},"end":{"line":63,"column":52}},"loc":{"start":{"line":63,"column":57},"end":{"line":63,"column":88}},"line":63},"12":{"name":"(anonymous_12)","decl":{"start":{"line":65,"column":52},"end":{"line":65,"column":53}},"loc":{"start":{"line":65,"column":58},"end":{"line":65,"column":82}},"line":65},"13":{"name":"(anonymous_13)","decl":{"start":{"line":68,"column":19},"end":{"line":68,"column":20}},"loc":{"start":{"line":68,"column":28},"end":{"line":70,"column":13}},"line":68},"14":{"name":"(anonymous_14)","decl":{"start":{"line":73,"column":14},"end":{"line":73,"column":15}},"loc":{"start":{"line":73,"column":25},"end":{"line":81,"column":5}},"line":73},"15":{"name":"(anonymous_15)","decl":{"start":{"line":77,"column":19},"end":{"line":77,"column":20}},"loc":{"start":{"line":77,"column":25},"end":{"line":77,"column":44}},"line":77},"16":{"name":"(anonymous_16)","decl":{"start":{"line":83,"column":26},"end":{"line":83,"column":27}},"loc":{"start":{"line":83,"column":32},"end":{"line":113,"column":5}},"line":83},"17":{"name":"(anonymous_17)","decl":{"start":{"line":103,"column":24},"end":{"line":103,"column":25}},"loc":{"start":{"line":103,"column":37},"end":{"line":103,"column":61}},"line":103},"18":{"name":"(anonymous_18)","decl":{"start":{"line":104,"column":30},"end":{"line":104,"column":31}},"loc":{"start":{"line":104,"column":43},"end":{"line":104,"column":67}},"line":104},"19":{"name":"(anonymous_19)","decl":{"start":{"line":105,"column":38},"end":{"line":105,"column":39}},"loc":{"start":{"line":105,"column":51},"end":{"line":105,"column":75}},"line":105},"20":{"name":"(anonymous_20)","decl":{"start":{"line":106,"column":28},"end":{"line":106,"column":29}},"loc":{"start":{"line":106,"column":41},"end":{"line":106,"column":65}},"line":106},"21":{"name":"(anonymous_21)","decl":{"start":{"line":107,"column":34},"end":{"line":107,"column":35}},"loc":{"start":{"line":107,"column":47},"end":{"line":107,"column":71}},"line":107},"22":{"name":"(anonymous_22)","decl":{"start":{"line":108,"column":42},"end":{"line":108,"column":43}},"loc":{"start":{"line":108,"column":55},"end":{"line":108,"column":79}},"line":108},"23":{"name":"(anonymous_23)","decl":{"start":{"line":109,"column":30},"end":{"line":109,"column":31}},"loc":{"start":{"line":109,"column":43},"end":{"line":109,"column":67}},"line":109},"24":{"name":"(anonymous_24)","decl":{"start":{"line":110,"column":30},"end":{"line":110,"column":31}},"loc":{"start":{"line":110,"column":43},"end":{"line":110,"column":67}},"line":110},"25":{"name":"(anonymous_25)","decl":{"start":{"line":111,"column":32},"end":{"line":111,"column":33}},"loc":{"start":{"line":111,"column":45},"end":{"line":111,"column":69}},"line":111},"26":{"name":"(anonymous_26)","decl":{"start":{"line":115,"column":12},"end":{"line":115,"column":13}},"loc":{"start":{"line":115,"column":18},"end":{"line":118,"column":5}},"line":115},"27":{"name":"(anonymous_27)","decl":{"start":{"line":120,"column":19},"end":{"line":120,"column":20}},"loc":{"start":{"line":120,"column":25},"end":{"line":126,"column":5}},"line":120},"28":{"name":"(anonymous_28)","decl":{"start":{"line":129,"column":15},"end":{"line":129,"column":16}},"loc":{"start":{"line":129,"column":28},"end":{"line":131,"column":5}},"line":129},"29":{"name":"(anonymous_29)","decl":{"start":{"line":133,"column":4},"end":{"line":133,"column":5}},"loc":{"start":{"line":133,"column":12},"end":{"line":259,"column":5}},"line":133},"30":{"name":"(anonymous_30)","decl":{"start":{"line":171,"column":41},"end":{"line":171,"column":42}},"loc":{"start":{"line":171,"column":47},"end":{"line":171,"column":72}},"line":171},"31":{"name":"(anonymous_31)","decl":{"start":{"line":177,"column":41},"end":{"line":177,"column":42}},"loc":{"start":{"line":177,"column":47},"end":{"line":177,"column":78}},"line":177},"32":{"name":"(anonymous_32)","decl":{"start":{"line":183,"column":41},"end":{"line":183,"column":42}},"loc":{"start":{"line":183,"column":47},"end":{"line":183,"column":86}},"line":183},"33":{"name":"(anonymous_33)","decl":{"start":{"line":189,"column":41},"end":{"line":189,"column":42}},"loc":{"start":{"line":189,"column":47},"end":{"line":189,"column":76}},"line":189},"34":{"name":"(anonymous_34)","decl":{"start":{"line":195,"column":41},"end":{"line":195,"column":42}},"loc":{"start":{"line":195,"column":47},"end":{"line":195,"column":82}},"line":195},"35":{"name":"(anonymous_35)","decl":{"start":{"line":201,"column":41},"end":{"line":201,"column":42}},"loc":{"start":{"line":201,"column":47},"end":{"line":201,"column":90}},"line":201},"36":{"name":"(anonymous_36)","decl":{"start":{"line":207,"column":41},"end":{"line":207,"column":42}},"loc":{"start":{"line":207,"column":47},"end":{"line":207,"column":78}},"line":207},"37":{"name":"(anonymous_37)","decl":{"start":{"line":213,"column":41},"end":{"line":213,"column":42}},"loc":{"start":{"line":213,"column":47},"end":{"line":213,"column":78}},"line":213},"38":{"name":"(anonymous_38)","decl":{"start":{"line":219,"column":41},"end":{"line":219,"column":42}},"loc":{"start":{"line":219,"column":47},"end":{"line":219,"column":80}},"line":219},"39":{"name":"(anonymous_39)","decl":{"start":{"line":249,"column":90},"end":{"line":249,"column":91}},"loc":{"start":{"line":249,"column":96},"end":{"line":249,"column":124}},"line":249},"40":{"name":"(anonymous_40)","decl":{"start":{"line":250,"column":89},"end":{"line":250,"column":90}},"loc":{"start":{"line":250,"column":95},"end":{"line":250,"column":116}},"line":250},"41":{"name":"(anonymous_41)","decl":{"start":{"line":251,"column":89},"end":{"line":251,"column":90}},"loc":{"start":{"line":251,"column":95},"end":{"line":251,"column":130}},"line":251},"42":{"name":"(anonymous_42)","decl":{"start":{"line":252,"column":89},"end":{"line":252,"column":90}},"loc":{"start":{"line":252,"column":95},"end":{"line":252,"column":123}},"line":252},"43":{"name":"(anonymous_43)","decl":{"start":{"line":253,"column":89},"end":{"line":253,"column":90}},"loc":{"start":{"line":253,"column":95},"end":{"line":253,"column":109}},"line":253}},"branchMap":{"0":{"loc":{"start":{"line":103,"column":8},"end":{"line":103,"column":63}},"type":"if","locations":[{"start":{"line":103,"column":8},"end":{"line":103,"column":63}},{"start":{"line":103,"column":8},"end":{"line":103,"column":63}}],"line":103},"1":{"loc":{"start":{"line":104,"column":8},"end":{"line":104,"column":69}},"type":"if","locations":[{"start":{"line":104,"column":8},"end":{"line":104,"column":69}},{"start":{"line":104,"column":8},"end":{"line":104,"column":69}}],"line":104},"2":{"loc":{"start":{"line":105,"column":8},"end":{"line":105,"column":77}},"type":"if","locations":[{"start":{"line":105,"column":8},"end":{"line":105,"column":77}},{"start":{"line":105,"column":8},"end":{"line":105,"column":77}}],"line":105},"3":{"loc":{"start":{"line":106,"column":8},"end":{"line":106,"column":67}},"type":"if","locations":[{"start":{"line":106,"column":8},"end":{"line":106,"column":67}},{"start":{"line":106,"column":8},"end":{"line":106,"column":67}}],"line":106},"4":{"loc":{"start":{"line":107,"column":8},"end":{"line":107,"column":73}},"type":"if","locations":[{"start":{"line":107,"column":8},"end":{"line":107,"column":73}},{"start":{"line":107,"column":8},"end":{"line":107,"column":73}}],"line":107},"5":{"loc":{"start":{"line":108,"column":8},"end":{"line":108,"column":81}},"type":"if","locations":[{"start":{"line":108,"column":8},"end":{"line":108,"column":81}},{"start":{"line":108,"column":8},"end":{"line":108,"column":81}}],"line":108},"6":{"loc":{"start":{"line":109,"column":8},"end":{"line":109,"column":69}},"type":"if","locations":[{"start":{"line":109,"column":8},"end":{"line":109,"column":69}},{"start":{"line":109,"column":8},"end":{"line":109,"column":69}}],"line":109},"7":{"loc":{"start":{"line":110,"column":8},"end":{"line":110,"column":69}},"type":"if","locations":[{"start":{"line":110,"column":8},"end":{"line":110,"column":69}},{"start":{"line":110,"column":8},"end":{"line":110,"column":69}}],"line":110},"8":{"loc":{"start":{"line":111,"column":8},"end":{"line":111,"column":71}},"type":"if","locations":[{"start":{"line":111,"column":8},"end":{"line":111,"column":71}},{"start":{"line":111,"column":8},"end":{"line":111,"column":71}}],"line":111},"9":{"loc":{"start":{"line":233,"column":25},"end":{"line":233,"column":83}},"type":"binary-expr","locations":[{"start":{"line":233,"column":25},"end":{"line":233,"column":47}},{"start":{"line":233,"column":51},"end":{"line":233,"column":83}}],"line":233},"10":{"loc":{"start":{"line":234,"column":25},"end":{"line":237,"column":36}},"type":"binary-expr","locations":[{"start":{"line":234,"column":25},"end":{"line":234,"column":47}},{"start":{"line":234,"column":51},"end":{"line":237,"column":36}}],"line":234},"11":{"loc":{"start":{"line":238,"column":25},"end":{"line":238,"column":96}},"type":"binary-expr","locations":[{"start":{"line":238,"column":25},"end":{"line":238,"column":46}},{"start":{"line":238,"column":50},"end":{"line":238,"column":96}}],"line":238},"12":{"loc":{"start":{"line":239,"column":25},"end":{"line":241,"column":36}},"type":"binary-expr","locations":[{"start":{"line":239,"column":25},"end":{"line":239,"column":46}},{"start":{"line":239,"column":50},"end":{"line":241,"column":36}}],"line":239},"13":{"loc":{"start":{"line":242,"column":25},"end":{"line":244,"column":141}},"type":"binary-expr","locations":[{"start":{"line":242,"column":25},"end":{"line":242,"column":46}},{"start":{"line":242,"column":50},"end":{"line":244,"column":141}}],"line":242},"14":{"loc":{"start":{"line":249,"column":29},"end":{"line":249,"column":140}},"type":"binary-expr","locations":[{"start":{"line":249,"column":29},"end":{"line":249,"column":51}},{"start":{"line":249,"column":55},"end":{"line":249,"column":140}}],"line":249},"15":{"loc":{"start":{"line":250,"column":29},"end":{"line":250,"column":140}},"type":"binary-expr","locations":[{"start":{"line":250,"column":29},"end":{"line":250,"column":50}},{"start":{"line":250,"column":54},"end":{"line":250,"column":140}}],"line":250},"16":{"loc":{"start":{"line":251,"column":29},"end":{"line":251,"column":147}},"type":"binary-expr","locations":[{"start":{"line":251,"column":29},"end":{"line":251,"column":50}},{"start":{"line":251,"column":54},"end":{"line":251,"column":147}}],"line":251},"17":{"loc":{"start":{"line":252,"column":29},"end":{"line":252,"column":139}},"type":"binary-expr","locations":[{"start":{"line":252,"column":29},"end":{"line":252,"column":50}},{"start":{"line":252,"column":54},"end":{"line":252,"column":139}}],"line":252},"18":{"loc":{"start":{"line":253,"column":29},"end":{"line":253,"column":127}},"type":"binary-expr","locations":[{"start":{"line":253,"column":29},"end":{"line":253,"column":50}},{"start":{"line":253,"column":54},"end":{"line":253,"column":127}}],"line":253}},"s":{"0":1,"1":1,"2":1,"3":1,"4":1,"5":1,"6":1,"7":1,"8":1,"9":1,"10":1,"11":1,"12":1,"13":1,"14":1,"15":1,"16":1,"17":1,"18":1,"19":1,"20":1,"21":1,"22":1,"23":1,"24":1,"25":1,"26":1,"27":1,"28":1,"29":1,"30":1,"31":1,"32":1,"33":1,"34":0,"35":1,"36":0,"37":0,"38":0,"39":0,"40":0,"41":1,"42":0,"43":0,"44":0,"45":0,"46":0,"47":0,"48":0,"49":0,"50":0,"51":0,"52":0,"53":0,"54":0,"55":0,"56":0,"57":0,"58":0,"59":0,"60":0,"61":0,"62":0,"63":0,"64":0,"65":0,"66":0,"67":0,"68":0,"69":0,"70":0,"71":0,"72":0,"73":1,"74":0,"75":0,"76":1,"77":0,"78":0,"79":0,"80":0,"81":0,"82":1,"83":0,"84":11,"85":11,"86":0,"87":0,"88":0,"89":0,"90":0,"91":0,"92":0,"93":0,"94":0,"95":0,"96":0,"97":0,"98":0,"99":0},"f":{"0":1,"1":1,"2":1,"3":1,"4":1,"5":1,"6":1,"7":1,"8":1,"9":1,"10":1,"11":1,"12":1,"13":0,"14":0,"15":0,"16":0,"17":0,"18":0,"19":0,"20":0,"21":0,"22":0,"23":0,"24":0,"25":0,"26":0,"27":0,"28":0,"29":11,"30":0,"31":0,"32":0,"33":0,"34":0,"35":0,"36":0,"37":0,"38":0,"39":0,"40":0,"41":0,"42":0,"43":0},"b":{"0":[0,0],"1":[0,0],"2":[0,0],"3":[0,0],"4":[0,0],"5":[0,0],"6":[0,0],"7":[0,0],"8":[0,0],"9":[11,11],"10":[11,11],"11":[11,0],"12":[11,0],"13":[11,0],"14":[11,11],"15":[11,0],"16":[11,0],"17":[11,0],"18":[11,0]},"_coverageSchema":"1a1c01bbd47fc00a2c39e90264f33305004495a9","hash":"420e485abe031d8e5cf8d3b5e6b7fcfb82969664"}
,"/Users/learn/Desktop/Platform/app/javascript/components/FlashcardManage.js": {"path":"/Users/learn/Desktop/Platform/app/javascript/components/FlashcardManage.js","statementMap":{"0":{"start":{"line":8,"column":8},"end":{"line":8,"column":21}},"1":{"start":{"line":9,"column":8},"end":{"line":22,"column":9}},"2":{"start":{"line":25,"column":16},"end":{"line":35,"column":5}},"3":{"start":{"line":26,"column":8},"end":{"line":26,"column":62}},"4":{"start":{"line":27,"column":8},"end":{"line":34,"column":59}},"5":{"start":{"line":29,"column":16},"end":{"line":29,"column":85}},"6":{"start":{"line":29,"column":54},"end":{"line":29,"column":84}},"7":{"start":{"line":32,"column":16},"end":{"line":32,"column":47}},"8":{"start":{"line":34,"column":28},"end":{"line":34,"column":58}},"9":{"start":{"line":37,"column":24},"end":{"line":39,"column":5}},"10":{"start":{"line":38,"column":8},"end":{"line":38,"column":24}},"11":{"start":{"line":41,"column":19},"end":{"line":47,"column":5}},"12":{"start":{"line":42,"column":8},"end":{"line":42,"column":36}},"13":{"start":{"line":43,"column":31},"end":{"line":43,"column":41}},"14":{"start":{"line":44,"column":8},"end":{"line":44,"column":25}},"15":{"start":{"line":45,"column":8},"end":{"line":45,"column":39}},"16":{"start":{"line":46,"column":8},"end":{"line":46,"column":51}},"17":{"start":{"line":49,"column":14},"end":{"line":54,"column":5}},"18":{"start":{"line":50,"column":22},"end":{"line":50,"column":32}},"19":{"start":{"line":51,"column":24},"end":{"line":51,"column":41}},"20":{"start":{"line":52,"column":8},"end":{"line":52,"column":40}},"21":{"start":{"line":53,"column":8},"end":{"line":53,"column":31}},"22":{"start":{"line":56,"column":17},"end":{"line":63,"column":5}},"23":{"start":{"line":57,"column":8},"end":{"line":57,"column":34}},"24":{"start":{"line":58,"column":8},"end":{"line":61,"column":10}},"25":{"start":{"line":60,"column":12},"end":{"line":60,"column":42}},"26":{"start":{"line":62,"column":8},"end":{"line":62,"column":37}},"27":{"start":{"line":65,"column":20},"end":{"line":75,"column":5}},"28":{"start":{"line":66,"column":8},"end":{"line":66,"column":28}},"29":{"start":{"line":67,"column":8},"end":{"line":74,"column":42}},"30":{"start":{"line":69,"column":12},"end":{"line":71,"column":13}},"31":{"start":{"line":70,"column":16},"end":{"line":70,"column":39}},"32":{"start":{"line":74,"column":10},"end":{"line":74,"column":40}},"33":{"start":{"line":77,"column":19},"end":{"line":84,"column":5}},"34":{"start":{"line":78,"column":8},"end":{"line":78,"column":36}},"35":{"start":{"line":79,"column":8},"end":{"line":79,"column":37}},"36":{"start":{"line":80,"column":8},"end":{"line":83,"column":10}},"37":{"start":{"line":82,"column":12},"end":{"line":82,"column":41}},"38":{"start":{"line":86,"column":20},"end":{"line":97,"column":5}},"39":{"start":{"line":87,"column":8},"end":{"line":87,"column":28}},"40":{"start":{"line":88,"column":8},"end":{"line":96,"column":42}},"41":{"start":{"line":90,"column":12},"end":{"line":90,"column":34}},"42":{"start":{"line":91,"column":12},"end":{"line":93,"column":13}},"43":{"start":{"line":92,"column":16},"end":{"line":92,"column":39}},"44":{"start":{"line":96,"column":10},"end":{"line":96,"column":40}},"45":{"start":{"line":99,"column":22},"end":{"line":108,"column":5}},"46":{"start":{"line":100,"column":8},"end":{"line":100,"column":30}},"47":{"start":{"line":101,"column":8},"end":{"line":101,"column":31}},"48":{"start":{"line":102,"column":8},"end":{"line":107,"column":42}},"49":{"start":{"line":104,"column":12},"end":{"line":104,"column":28}},"50":{"start":{"line":107,"column":10},"end":{"line":107,"column":40}},"51":{"start":{"line":110,"column":19},"end":{"line":116,"column":5}},"52":{"start":{"line":111,"column":8},"end":{"line":111,"column":43}},"53":{"start":{"line":112,"column":23},"end":{"line":112,"column":33}},"54":{"start":{"line":113,"column":8},"end":{"line":113,"column":52}},"55":{"start":{"line":114,"column":8},"end":{"line":114,"column":35}},"56":{"start":{"line":115,"column":8},"end":{"line":115,"column":26}},"57":{"start":{"line":119,"column":20},"end":{"line":119,"column":49}},"58":{"start":{"line":120,"column":42},"end":{"line":120,"column":52}},"59":{"start":{"line":121,"column":43},"end":{"line":121,"column":58}},"60":{"start":{"line":122,"column":8},"end":{"line":208,"column":9}},"61":{"start":{"line":135,"column":24},"end":{"line":147,"column":25}},"62":{"start":{"line":141,"column":51},"end":{"line":141,"column":74}},"63":{"start":{"line":144,"column":52},"end":{"line":144,"column":83}},"64":{"start":{"line":151,"column":62},"end":{"line":151,"column":81}}},"fnMap":{"0":{"name":"(anonymous_0)","decl":{"start":{"line":7,"column":4},"end":{"line":7,"column":5}},"loc":{"start":{"line":7,"column":23},"end":{"line":23,"column":5}},"line":7},"1":{"name":"(anonymous_1)","decl":{"start":{"line":25,"column":16},"end":{"line":25,"column":17}},"loc":{"start":{"line":25,"column":22},"end":{"line":35,"column":5}},"line":25},"2":{"name":"(anonymous_2)","decl":{"start":{"line":28,"column":18},"end":{"line":28,"column":19}},"loc":{"start":{"line":28,"column":32},"end":{"line":30,"column":13}},"line":28},"3":{"name":"(anonymous_3)","decl":{"start":{"line":29,"column":41},"end":{"line":29,"column":42}},"loc":{"start":{"line":29,"column":54},"end":{"line":29,"column":84}},"line":29},"4":{"name":"(anonymous_4)","decl":{"start":{"line":31,"column":18},"end":{"line":31,"column":19}},"loc":{"start":{"line":31,"column":28},"end":{"line":33,"column":13}},"line":31},"5":{"name":"(anonymous_5)","decl":{"start":{"line":34,"column":19},"end":{"line":34,"column":20}},"loc":{"start":{"line":34,"column":28},"end":{"line":34,"column":58}},"line":34},"6":{"name":"(anonymous_6)","decl":{"start":{"line":37,"column":24},"end":{"line":37,"column":25}},"loc":{"start":{"line":37,"column":30},"end":{"line":39,"column":5}},"line":37},"7":{"name":"(anonymous_7)","decl":{"start":{"line":41,"column":19},"end":{"line":41,"column":20}},"loc":{"start":{"line":41,"column":25},"end":{"line":47,"column":5}},"line":41},"8":{"name":"(anonymous_8)","decl":{"start":{"line":49,"column":14},"end":{"line":49,"column":15}},"loc":{"start":{"line":49,"column":29},"end":{"line":54,"column":5}},"line":49},"9":{"name":"(anonymous_9)","decl":{"start":{"line":56,"column":17},"end":{"line":56,"column":18}},"loc":{"start":{"line":56,"column":23},"end":{"line":63,"column":5}},"line":56},"10":{"name":"(anonymous_10)","decl":{"start":{"line":59,"column":14},"end":{"line":59,"column":15}},"loc":{"start":{"line":59,"column":20},"end":{"line":61,"column":9}},"line":59},"11":{"name":"(anonymous_11)","decl":{"start":{"line":65,"column":20},"end":{"line":65,"column":21}},"loc":{"start":{"line":65,"column":35},"end":{"line":75,"column":5}},"line":65},"12":{"name":"(anonymous_12)","decl":{"start":{"line":68,"column":14},"end":{"line":68,"column":15}},"loc":{"start":{"line":68,"column":28},"end":{"line":72,"column":9}},"line":68},"13":{"name":"(anonymous_13)","decl":{"start":{"line":73,"column":15},"end":{"line":73,"column":16}},"loc":{"start":{"line":73,"column":24},"end":{"line":74,"column":41}},"line":73},"14":{"name":"(anonymous_14)","decl":{"start":{"line":77,"column":19},"end":{"line":77,"column":20}},"loc":{"start":{"line":77,"column":25},"end":{"line":84,"column":5}},"line":77},"15":{"name":"(anonymous_15)","decl":{"start":{"line":81,"column":14},"end":{"line":81,"column":15}},"loc":{"start":{"line":81,"column":20},"end":{"line":83,"column":9}},"line":81},"16":{"name":"(anonymous_16)","decl":{"start":{"line":86,"column":20},"end":{"line":86,"column":21}},"loc":{"start":{"line":86,"column":35},"end":{"line":97,"column":5}},"line":86},"17":{"name":"(anonymous_17)","decl":{"start":{"line":89,"column":14},"end":{"line":89,"column":15}},"loc":{"start":{"line":89,"column":28},"end":{"line":94,"column":9}},"line":89},"18":{"name":"(anonymous_18)","decl":{"start":{"line":95,"column":15},"end":{"line":95,"column":16}},"loc":{"start":{"line":95,"column":24},"end":{"line":96,"column":41}},"line":95},"19":{"name":"(anonymous_19)","decl":{"start":{"line":99,"column":22},"end":{"line":99,"column":23}},"loc":{"start":{"line":99,"column":37},"end":{"line":108,"column":5}},"line":99},"20":{"name":"(anonymous_20)","decl":{"start":{"line":103,"column":14},"end":{"line":103,"column":15}},"loc":{"start":{"line":103,"column":28},"end":{"line":105,"column":9}},"line":103},"21":{"name":"(anonymous_21)","decl":{"start":{"line":106,"column":15},"end":{"line":106,"column":16}},"loc":{"start":{"line":106,"column":24},"end":{"line":107,"column":41}},"line":106},"22":{"name":"(anonymous_22)","decl":{"start":{"line":110,"column":19},"end":{"line":110,"column":20}},"loc":{"start":{"line":110,"column":30},"end":{"line":116,"column":5}},"line":110},"23":{"name":"(anonymous_23)","decl":{"start":{"line":118,"column":4},"end":{"line":118,"column":5}},"loc":{"start":{"line":118,"column":12},"end":{"line":209,"column":5}},"line":118},"24":{"name":"(anonymous_24)","decl":{"start":{"line":134,"column":33},"end":{"line":134,"column":34}},"loc":{"start":{"line":134,"column":50},"end":{"line":148,"column":21}},"line":134},"25":{"name":"(anonymous_25)","decl":{"start":{"line":141,"column":45},"end":{"line":141,"column":46}},"loc":{"start":{"line":141,"column":51},"end":{"line":141,"column":74}},"line":141},"26":{"name":"(anonymous_26)","decl":{"start":{"line":144,"column":45},"end":{"line":144,"column":46}},"loc":{"start":{"line":144,"column":51},"end":{"line":144,"column":84}},"line":144},"27":{"name":"(anonymous_27)","decl":{"start":{"line":151,"column":55},"end":{"line":151,"column":56}},"loc":{"start":{"line":151,"column":61},"end":{"line":151,"column":82}},"line":151}},"branchMap":{"0":{"loc":{"start":{"line":69,"column":12},"end":{"line":71,"column":13}},"type":"if","locations":[{"start":{"line":69,"column":12},"end":{"line":71,"column":13}},{"start":{"line":69,"column":12},"end":{"line":71,"column":13}}],"line":69},"1":{"loc":{"start":{"line":91,"column":12},"end":{"line":93,"column":13}},"type":"if","locations":[{"start":{"line":91,"column":12},"end":{"line":93,"column":13}},{"start":{"line":91,"column":12},"end":{"line":93,"column":13}}],"line":91},"2":{"loc":{"start":{"line":159,"column":23},"end":{"line":159,"column":90}},"type":"binary-expr","locations":[{"start":{"line":159,"column":23},"end":{"line":159,"column":38}},{"start":{"line":159,"column":42},"end":{"line":159,"column":90}}],"line":159},"3":{"loc":{"start":{"line":160,"column":23},"end":{"line":163,"column":36}},"type":"binary-expr","locations":[{"start":{"line":160,"column":23},"end":{"line":160,"column":38}},{"start":{"line":161,"column":24},"end":{"line":163,"column":36}}],"line":160},"4":{"loc":{"start":{"line":164,"column":25},"end":{"line":164,"column":97}},"type":"binary-expr","locations":[{"start":{"line":164,"column":25},"end":{"line":164,"column":41}},{"start":{"line":164,"column":45},"end":{"line":164,"column":97}}],"line":164},"5":{"loc":{"start":{"line":165,"column":25},"end":{"line":169,"column":38}},"type":"binary-expr","locations":[{"start":{"line":165,"column":25},"end":{"line":165,"column":41}},{"start":{"line":166,"column":26},"end":{"line":169,"column":38}}],"line":165},"6":{"loc":{"start":{"line":204,"column":21},"end":{"line":205,"column":52}},"type":"binary-expr","locations":[{"start":{"line":204,"column":21},"end":{"line":204,"column":39}},{"start":{"line":205,"column":24},"end":{"line":205,"column":52}}],"line":204}},"s":{"0":1,"1":1,"2":1,"3":1,"4":1,"5":1,"6":1,"7":1,"8":0,"9":1,"10":1,"11":1,"12":0,"13":0,"14":0,"15":0,"16":0,"17":1,"18":0,"19":0,"20":0,"21":0,"22":1,"23":0,"24":0,"25":0,"26":0,"27":1,"28":0,"29":0,"30":0,"31":0,"32":0,"33":1,"34":0,"35":0,"36":0,"37":0,"38":1,"39":0,"40":0,"41":0,"42":0,"43":0,"44":0,"45":1,"46":0,"47":0,"48":0,"49":0,"50":0,"51":1,"52":0,"53":0,"54":0,"55":0,"56":0,"57":3,"58":3,"59":3,"60":3,"61":2,"62":0,"63":0,"64":0},"f":{"0":1,"1":1,"2":1,"3":1,"4":1,"5":0,"6":1,"7":0,"8":0,"9":0,"10":0,"11":0,"12":0,"13":0,"14":0,"15":0,"16":0,"17":0,"18":0,"19":0,"20":0,"21":0,"22":0,"23":3,"24":2,"25":0,"26":0,"27":0},"b":{"0":[0,0],"1":[0,0],"2":[3,2],"3":[3,2],"4":[3,1],"5":[3,1],"6":[3,0]},"_coverageSchema":"1a1c01bbd47fc00a2c39e90264f33305004495a9","hash":"b41ba8f5b9c201362b8a78f5978b9bd33d5c8ace"}
,"/Users/learn/Desktop/Platform/app/javascript/components/Home.js": {"path":"/Users/learn/Desktop/Platform/app/javascript/components/Home.js","statementMap":{"0":{"start":{"line":12,"column":12},"end":{"line":12,"column":22}},"1":{"start":{"line":13,"column":8},"end":{"line":39,"column":9}}},"fnMap":{"0":{"name":"(anonymous_0)","decl":{"start":{"line":7,"column":4},"end":{"line":7,"column":5}},"loc":{"start":{"line":7,"column":12},"end":{"line":40,"column":5}},"line":7}},"branchMap":{"0":{"loc":{"start":{"line":21,"column":25},"end":{"line":23,"column":31}},"type":"binary-expr","locations":[{"start":{"line":21,"column":25},"end":{"line":21,"column":34}},{"start":{"line":21,"column":38},"end":{"line":23,"column":31}}],"line":21},"1":{"loc":{"start":{"line":24,"column":25},"end":{"line":26,"column":28}},"type":"binary-expr","locations":[{"start":{"line":24,"column":25},"end":{"line":24,"column":35}},{"start":{"line":24,"column":39},"end":{"line":26,"column":28}}],"line":24}},"s":{"0":2,"1":2},"f":{"0":2},"b":{"0":[2,0],"1":[2,2]},"_coverageSchema":"1a1c01bbd47fc00a2c39e90264f33305004495a9","hash":"ab230743fd9cd4501fa6f6906ff1db3461579a76"}
,"/Users/learn/Desktop/Platform/app/javascript/components/apiCalls.js": {"path":"/Users/learn/Desktop/Platform/app/javascript/components/apiCalls.js","statementMap":{"0":{"start":{"line":1,"column":29},"end":{"line":9,"column":1}},"1":{"start":{"line":2,"column":4},"end":{"line":8,"column":6}},"2":{"start":{"line":4,"column":8},"end":{"line":6,"column":9}},"3":{"start":{"line":5,"column":12},"end":{"line":5,"column":52}},"4":{"start":{"line":7,"column":8},"end":{"line":7,"column":30}},"5":{"start":{"line":11,"column":31},"end":{"line":17,"column":1}},"6":{"start":{"line":12,"column":4},"end":{"line":16,"column":10}},"7":{"start":{"line":14,"column":12},"end":{"line":15,"column":62}},"8":{"start":{"line":14,"column":30},"end":{"line":14,"column":52}},"9":{"start":{"line":15,"column":18},"end":{"line":15,"column":61}},"10":{"start":{"line":19,"column":30},"end":{"line":27,"column":1}},"11":{"start":{"line":20,"column":4},"end":{"line":26,"column":8}},"12":{"start":{"line":29,"column":32},"end":{"line":37,"column":1}},"13":{"start":{"line":30,"column":4},"end":{"line":36,"column":8}},"14":{"start":{"line":39,"column":30},"end":{"line":47,"column":1}},"15":{"start":{"line":40,"column":4},"end":{"line":46,"column":8}}},"fnMap":{"0":{"name":"(anonymous_0)","decl":{"start":{"line":1,"column":29},"end":{"line":1,"column":30}},"loc":{"start":{"line":1,"column":35},"end":{"line":9,"column":1}},"line":1},"1":{"name":"(anonymous_1)","decl":{"start":{"line":3,"column":10},"end":{"line":3,"column":11}},"loc":{"start":{"line":3,"column":22},"end":{"line":8,"column":5}},"line":3},"2":{"name":"(anonymous_2)","decl":{"start":{"line":11,"column":31},"end":{"line":11,"column":32}},"loc":{"start":{"line":11,"column":37},"end":{"line":17,"column":1}},"line":11},"3":{"name":"(anonymous_3)","decl":{"start":{"line":13,"column":14},"end":{"line":13,"column":15}},"loc":{"start":{"line":13,"column":26},"end":{"line":16,"column":9}},"line":13},"4":{"name":"(anonymous_4)","decl":{"start":{"line":19,"column":30},"end":{"line":19,"column":31}},"loc":{"start":{"line":19,"column":45},"end":{"line":27,"column":1}},"line":19},"5":{"name":"(anonymous_5)","decl":{"start":{"line":29,"column":32},"end":{"line":29,"column":33}},"loc":{"start":{"line":29,"column":47},"end":{"line":37,"column":1}},"line":29},"6":{"name":"(anonymous_6)","decl":{"start":{"line":39,"column":30},"end":{"line":39,"column":31}},"loc":{"start":{"line":39,"column":45},"end":{"line":47,"column":1}},"line":39}},"branchMap":{"0":{"loc":{"start":{"line":4,"column":8},"end":{"line":6,"column":9}},"type":"if","locations":[{"start":{"line":4,"column":8},"end":{"line":6,"column":9}},{"start":{"line":4,"column":8},"end":{"line":6,"column":9}}],"line":4},"1":{"loc":{"start":{"line":14,"column":12},"end":{"line":15,"column":62}},"type":"if","locations":[{"start":{"line":14,"column":12},"end":{"line":15,"column":62}},{"start":{"line":14,"column":12},"end":{"line":15,"column":62}}],"line":14}},"s":{"0":4,"1":4,"2":3,"3":1,"4":2,"5":4,"6":4,"7":3,"8":2,"9":1,"10":4,"11":1,"12":4,"13":1,"14":4,"15":1},"f":{"0":4,"1":3,"2":4,"3":3,"4":1,"5":1,"6":1},"b":{"0":[1,2],"1":[2,1]},"_coverageSchema":"1a1c01bbd47fc00a2c39e90264f33305004495a9","hash":"b01918ad98f7e063f4a60741040c83f166e1a207"}
}
