TN:
SF:app/javascript/components/About.js
FN:5,(anonymous_0)
FNF:1
FNH:1
FNDA:1,(anonymous_0)
DA:6,1
LF:1
LH:1
BRF:0
BRH:0
end_of_record
TN:
SF:app/javascript/components/App.js
FN:11,(anonymous_0)
FN:18,(anonymous_1)
FN:41,(anonymous_2)
FNF:3
FNH:3
FNDA:1,(anonymous_0)
FNDA:1,(anonymous_1)
FNDA:1,(anonymous_2)
DA:12,1
DA:13,1
DA:24,1
DA:26,1
DA:41,1
LF:5
LH:5
BRDA:33,0,0,1
BRDA:33,0,1,0
BRDA:34,1,0,1
BRDA:34,1,1,1
BRDA:35,2,0,1
BRDA:35,2,1,1
BRF:6
BRH:5
end_of_record
TN:
SF:app/javascript/components/Flashcard.js
FN:13,(anonymous_0)
FN:42,(anonymous_1)
FN:46,(anonymous_2)
FN:47,(anonymous_3)
FN:49,(anonymous_4)
FN:51,(anonymous_5)
FN:53,(anonymous_6)
FN:55,(anonymous_7)
FN:57,(anonymous_8)
FN:59,(anonymous_9)
FN:61,(anonymous_10)
FN:63,(anonymous_11)
FN:65,(anonymous_12)
FN:68,(anonymous_13)
FN:73,(anonymous_14)
FN:77,(anonymous_15)
FN:83,(anonymous_16)
FN:103,(anonymous_17)
FN:104,(anonymous_18)
FN:105,(anonymous_19)
FN:106,(anonymous_20)
FN:107,(anonymous_21)
FN:108,(anonymous_22)
FN:109,(anonymous_23)
FN:110,(anonymous_24)
FN:111,(anonymous_25)
FN:115,(anonymous_26)
FN:120,(anonymous_27)
FN:129,(anonymous_28)
FN:133,(anonymous_29)
FN:171,(anonymous_30)
FN:177,(anonymous_31)
FN:183,(anonymous_32)
FN:189,(anonymous_33)
FN:195,(anonymous_34)
FN:201,(anonymous_35)
FN:207,(anonymous_36)
FN:213,(anonymous_37)
FN:219,(anonymous_38)
FN:249,(anonymous_39)
FN:250,(anonymous_40)
FN:251,(anonymous_41)
FN:252,(anonymous_42)
FN:253,(anonymous_43)
FNF:44
FNH:14
FNDA:1,(anonymous_0)
FNDA:1,(anonymous_1)
FNDA:1,(anonymous_2)
FNDA:1,(anonymous_3)
FNDA:1,(anonymous_4)
FNDA:1,(anonymous_5)
FNDA:1,(anonymous_6)
FNDA:1,(anonymous_7)
FNDA:1,(anonymous_8)
FNDA:1,(anonymous_9)
FNDA:1,(anonymous_10)
FNDA:1,(anonymous_11)
FNDA:1,(anonymous_12)
FNDA:0,(anonymous_13)
FNDA:0,(anonymous_14)
FNDA:0,(anonymous_15)
FNDA:0,(anonymous_16)
FNDA:0,(anonymous_17)
FNDA:0,(anonymous_18)
FNDA:0,(anonymous_19)
FNDA:0,(anonymous_20)
FNDA:0,(anonymous_21)
FNDA:0,(anonymous_22)
FNDA:0,(anonymous_23)
FNDA:0,(anonymous_24)
FNDA:0,(anonymous_25)
FNDA:0,(anonymous_26)
FNDA:0,(anonymous_27)
FNDA:0,(anonymous_28)
FNDA:11,(anonymous_29)
FNDA:0,(anonymous_30)
FNDA:0,(anonymous_31)
FNDA:0,(anonymous_32)
FNDA:0,(anonymous_33)
FNDA:0,(anonymous_34)
FNDA:0,(anonymous_35)
FNDA:0,(anonymous_36)
FNDA:0,(anonymous_37)
FNDA:0,(anonymous_38)
FNDA:0,(anonymous_39)
FNDA:0,(anonymous_40)
FNDA:0,(anonymous_41)
FNDA:0,(anonymous_42)
FNDA:0,(anonymous_43)
DA:14,1
DA:15,1
DA:42,1
DA:45,1
DA:47,1
DA:48,1
DA:49,1
DA:50,1
DA:51,1
DA:52,1
DA:53,1
DA:54,1
DA:55,1
DA:56,1
DA:57,1
DA:58,1
DA:59,1
DA:60,1
DA:61,1
DA:62,1
DA:63,1
DA:64,1
DA:65,1
DA:66,1
DA:69,0
DA:73,1
DA:77,0
DA:78,0
DA:79,0
DA:80,0
DA:83,1
DA:95,0
DA:97,0
DA:99,0
DA:103,0
DA:104,0
DA:105,0
DA:106,0
DA:107,0
DA:108,0
DA:109,0
DA:110,0
DA:111,0
DA:112,0
DA:115,1
DA:116,0
DA:117,0
DA:120,1
DA:121,0
DA:122,0
DA:123,0
DA:124,0
DA:125,0
DA:129,1
DA:130,0
DA:145,11
DA:146,11
DA:171,0
DA:177,0
DA:183,0
DA:189,0
DA:195,0
DA:201,0
DA:207,0
DA:213,0
DA:219,0
DA:249,0
DA:250,0
DA:251,0
DA:252,0
DA:253,0
LF:71
LH:31
BRDA:103,0,0,0
BRDA:103,0,1,0
BRDA:104,1,0,0
BRDA:104,1,1,0
BRDA:105,2,0,0
BRDA:105,2,1,0
BRDA:106,3,0,0
BRDA:106,3,1,0
BRDA:107,4,0,0
BRDA:107,4,1,0
BRDA:108,5,0,0
BRDA:108,5,1,0
BRDA:109,6,0,0
BRDA:109,6,1,0
BRDA:110,7,0,0
BRDA:110,7,1,0
BRDA:111,8,0,0
BRDA:111,8,1,0
BRDA:233,9,0,11
BRDA:233,9,1,11
BRDA:234,10,0,11
BRDA:234,10,1,11
BRDA:238,11,0,11
BRDA:238,11,1,0
BRDA:239,12,0,11
BRDA:239,12,1,0
BRDA:242,13,0,11
BRDA:242,13,1,0
BRDA:249,14,0,11
BRDA:249,14,1,11
BRDA:250,15,0,11
BRDA:250,15,1,0
BRDA:251,16,0,11
BRDA:251,16,1,0
BRDA:252,17,0,11
BRDA:252,17,1,0
BRDA:253,18,0,11
BRDA:253,18,1,0
BRF:38
BRH:13
end_of_record
TN:
SF:app/javascript/components/FlashcardManage.js
FN:7,(anonymous_0)
FN:25,(anonymous_1)
FN:28,(anonymous_2)
FN:29,(anonymous_3)
FN:31,(anonymous_4)
FN:34,(anonymous_5)
FN:37,(anonymous_6)
FN:41,(anonymous_7)
FN:49,(anonymous_8)
FN:56,(anonymous_9)
FN:59,(anonymous_10)
FN:65,(anonymous_11)
FN:68,(anonymous_12)
FN:73,(anonymous_13)
FN:77,(anonymous_14)
FN:81,(anonymous_15)
FN:86,(anonymous_16)
FN:89,(anonymous_17)
FN:95,(anonymous_18)
FN:99,(anonymous_19)
FN:103,(anonymous_20)
FN:106,(anonymous_21)
FN:110,(anonymous_22)
FN:118,(anonymous_23)
FN:134,(anonymous_24)
FN:141,(anonymous_25)
FN:144,(anonymous_26)
FN:151,(anonymous_27)
FNF:28
FNH:8
FNDA:1,(anonymous_0)
FNDA:1,(anonymous_1)
FNDA:1,(anonymous_2)
FNDA:1,(anonymous_3)
FNDA:1,(anonymous_4)
FNDA:0,(anonymous_5)
FNDA:1,(anonymous_6)
FNDA:0,(anonymous_7)
FNDA:0,(anonymous_8)
FNDA:0,(anonymous_9)
FNDA:0,(anonymous_10)
FNDA:0,(anonymous_11)
FNDA:0,(anonymous_12)
FNDA:0,(anonymous_13)
FNDA:0,(anonymous_14)
FNDA:0,(anonymous_15)
FNDA:0,(anonymous_16)
FNDA:0,(anonymous_17)
FNDA:0,(anonymous_18)
FNDA:0,(anonymous_19)
FNDA:0,(anonymous_20)
FNDA:0,(anonymous_21)
FNDA:0,(anonymous_22)
FNDA:3,(anonymous_23)
FNDA:2,(anonymous_24)
FNDA:0,(anonymous_25)
FNDA:0,(anonymous_26)
FNDA:0,(anonymous_27)
DA:8,1
DA:9,1
DA:25,1
DA:26,1
DA:27,1
DA:29,1
DA:32,1
DA:34,0
DA:37,1
DA:38,1
DA:41,1
DA:42,0
DA:43,0
DA:44,0
DA:45,0
DA:46,0
DA:49,1
DA:50,0
DA:51,0
DA:52,0
DA:53,0
DA:56,1
DA:57,0
DA:58,0
DA:60,0
DA:62,0
DA:65,1
DA:66,0
DA:67,0
DA:69,0
DA:70,0
DA:74,0
DA:77,1
DA:78,0
DA:79,0
DA:80,0
DA:82,0
DA:86,1
DA:87,0
DA:88,0
DA:90,0
DA:91,0
DA:92,0
DA:96,0
DA:99,1
DA:100,0
DA:101,0
DA:102,0
DA:104,0
DA:107,0
DA:110,1
DA:111,0
DA:112,0
DA:113,0
DA:114,0
DA:115,0
DA:119,3
DA:120,3
DA:121,3
DA:122,3
DA:135,2
DA:141,0
DA:144,0
DA:151,0
LF:64
LH:22
BRDA:69,0,0,0
BRDA:69,0,1,0
BRDA:91,1,0,0
BRDA:91,1,1,0
BRDA:159,2,0,3
BRDA:159,2,1,2
BRDA:160,3,0,3
BRDA:160,3,1,2
BRDA:164,4,0,3
BRDA:164,4,1,1
BRDA:165,5,0,3
BRDA:165,5,1,1
BRDA:204,6,0,3
BRDA:204,6,1,0
BRF:14
BRH:9
end_of_record
TN:
SF:app/javascript/components/Home.js
FN:7,(anonymous_0)
FNF:1
FNH:1
FNDA:2,(anonymous_0)
DA:12,2
DA:13,2
LF:2
LH:2
BRDA:21,0,0,2
BRDA:21,0,1,0
BRDA:24,1,0,2
BRDA:24,1,1,2
BRF:4
BRH:3
end_of_record
TN:
SF:app/javascript/components/apiCalls.js
FN:1,(anonymous_0)
FN:3,(anonymous_1)
FN:11,(anonymous_2)
FN:13,(anonymous_3)
FN:19,(anonymous_4)
FN:29,(anonymous_5)
FN:39,(anonymous_6)
FNF:7
FNH:7
FNDA:4,(anonymous_0)
FNDA:3,(anonymous_1)
FNDA:4,(anonymous_2)
FNDA:3,(anonymous_3)
FNDA:1,(anonymous_4)
FNDA:1,(anonymous_5)
FNDA:1,(anonymous_6)
DA:1,4
DA:2,4
DA:4,3
DA:5,1
DA:7,2
DA:11,4
DA:12,4
DA:14,3
DA:15,1
DA:19,4
DA:20,1
DA:29,4
DA:30,1
DA:39,4
DA:40,1
LF:15
LH:15
BRDA:4,0,0,1
BRDA:4,0,1,2
BRDA:14,1,0,2
BRDA:14,1,1,1
BRF:4
BRH:4
end_of_record
