TN:
SF:app/javascript/components/About.js
FN:5,(anonymous_0)
FNF:1
FNH:1
FNDA:1,(anonymous_0)
DA:6,1
LF:1
LH:1
BRF:0
BRH:0
end_of_record
TN:
SF:app/javascript/components/Flashcard.js
FN:8,(anonymous_0)
FN:22,(anonymous_1)
FN:27,(anonymous_2)
FN:29,(anonymous_3)
FN:34,(anonymous_4)
FN:38,(anonymous_5)
FN:40,(anonymous_6)
FN:42,(anonymous_7)
FN:47,(anonymous_8)
FN:63,(anonymous_9)
FN:67,(anonymous_10)
FN:68,(anonymous_11)
FN:74,(anonymous_12)
FN:82,(anonymous_13)
FN:86,(anonymous_14)
FN:90,(anonymous_15)
FN:108,(anonymous_16)
FN:114,(anonymous_17)
FN:119,(anonymous_18)
FN:128,(anonymous_19)
FN:143,(anonymous_20)
FN:149,(anonymous_21)
FN:162,(anonymous_22)
FN:170,(anonymous_23)
FN:205,(anonymous_24)
FN:218,(anonymous_25)
FN:227,(anonymous_26)
FN:228,(anonymous_27)
FN:229,(anonymous_28)
FN:230,(anonymous_29)
FNF:30
FNH:13
FNDA:1,(anonymous_0)
FNDA:1,(anonymous_1)
FNDA:1,(anonymous_2)
FNDA:1,(anonymous_3)
FNDA:1,(anonymous_4)
FNDA:1,(anonymous_5)
FNDA:1,(anonymous_6)
FNDA:0,(anonymous_7)
FNDA:1,(anonymous_8)
FNDA:1,(anonymous_9)
FNDA:1,(anonymous_10)
FNDA:1,(anonymous_11)
FNDA:0,(anonymous_12)
FNDA:0,(anonymous_13)
FNDA:0,(anonymous_14)
FNDA:0,(anonymous_15)
FNDA:0,(anonymous_16)
FNDA:0,(anonymous_17)
FNDA:0,(anonymous_18)
FNDA:0,(anonymous_19)
FNDA:0,(anonymous_20)
FNDA:4,(anonymous_21)
FNDA:2,(anonymous_22)
FNDA:0,(anonymous_23)
FNDA:0,(anonymous_24)
FNDA:0,(anonymous_25)
FNDA:0,(anonymous_26)
FNDA:0,(anonymous_27)
FNDA:0,(anonymous_28)
FNDA:0,(anonymous_29)
DA:9,1
DA:10,1
DA:22,1
DA:25,1
DA:26,1
DA:29,1
DA:31,1
DA:32,1
DA:36,1
DA:38,1
DA:40,1
DA:41,1
DA:42,0
DA:43,0
DA:44,0
DA:47,1
DA:48,1
DA:53,1
DA:54,1
DA:65,1
DA:67,1
DA:68,1
DA:70,1
DA:72,1
DA:75,0
DA:82,1
DA:86,0
DA:87,0
DA:90,1
DA:92,0
DA:94,0
DA:96,0
DA:98,0
DA:100,0
DA:101,0
DA:102,0
DA:106,0
DA:107,0
DA:108,0
DA:111,0
DA:114,1
DA:115,0
DA:116,0
DA:119,1
DA:120,0
DA:121,0
DA:122,0
DA:123,0
DA:124,0
DA:128,1
DA:130,0
DA:132,0
DA:134,0
DA:136,0
DA:138,0
DA:143,1
DA:144,0
DA:145,0
DA:146,0
DA:152,4
DA:153,4
DA:163,2
DA:170,0
DA:205,0
DA:218,0
DA:227,0
DA:228,0
DA:229,0
DA:230,0
LF:69
LH:30
BRDA:41,0,0,0
BRDA:41,0,1,1
BRDA:101,1,0,0
BRDA:101,1,1,0
BRDA:107,2,0,0
BRDA:107,2,1,0
BRDA:187,3,0,4
BRDA:187,3,1,0
BRDA:188,4,0,4
BRDA:188,4,1,4
BRDA:196,5,0,4
BRDA:196,5,1,0
BRDA:204,6,0,0
BRDA:204,6,1,0
BRDA:227,7,0,4
BRDA:227,7,1,4
BRDA:228,8,0,4
BRDA:228,8,1,0
BRF:18
BRH:8
end_of_record
TN:
SF:app/javascript/components/FlashcardManage.js
FN:8,(anonymous_0)
FN:26,(anonymous_1)
FN:33,(anonymous_2)
FN:37,(anonymous_3)
FN:38,(anonymous_4)
FN:40,(anonymous_5)
FN:41,(anonymous_6)
FN:43,(anonymous_7)
FN:46,(anonymous_8)
FN:49,(anonymous_9)
FN:62,(anonymous_10)
FN:67,(anonymous_11)
FN:72,(anonymous_12)
FN:75,(anonymous_13)
FN:79,(anonymous_14)
FN:85,(anonymous_15)
FN:88,(anonymous_16)
FN:92,(anonymous_17)
FN:95,(anonymous_18)
FN:98,(anonymous_19)
FN:103,(anonymous_20)
FN:109,(anonymous_21)
FN:124,(anonymous_22)
FN:131,(anonymous_23)
FN:144,(anonymous_24)
FN:160,(anonymous_25)
FN:227,(anonymous_26)
FN:228,(anonymous_27)
FNF:28
FNH:16
FNDA:4,(anonymous_0)
FNDA:4,(anonymous_1)
FNDA:5,(anonymous_2)
FNDA:5,(anonymous_3)
FNDA:5,(anonymous_4)
FNDA:5,(anonymous_5)
FNDA:5,(anonymous_6)
FNDA:5,(anonymous_7)
FNDA:0,(anonymous_8)
FNDA:0,(anonymous_9)
FNDA:1,(anonymous_10)
FNDA:1,(anonymous_11)
FNDA:0,(anonymous_12)
FNDA:1,(anonymous_13)
FNDA:1,(anonymous_14)
FNDA:0,(anonymous_15)
FNDA:1,(anonymous_16)
FNDA:1,(anonymous_17)
FNDA:0,(anonymous_18)
FNDA:0,(anonymous_19)
FNDA:0,(anonymous_20)
FNDA:14,(anonymous_21)
FNDA:14,(anonymous_22)
FNDA:0,(anonymous_23)
FNDA:0,(anonymous_24)
FNDA:0,(anonymous_25)
FNDA:0,(anonymous_26)
FNDA:0,(anonymous_27)
DA:9,4
DA:10,4
DA:26,4
DA:30,4
DA:33,4
DA:35,5
DA:36,5
DA:38,5
DA:41,5
DA:44,5
DA:46,0
DA:49,4
DA:50,0
DA:51,0
DA:52,0
DA:59,0
DA:62,4
DA:63,1
DA:64,1
DA:65,1
DA:66,1
DA:68,1
DA:69,0
DA:72,0
DA:75,4
DA:76,1
DA:77,1
DA:78,1
DA:80,1
DA:81,0
DA:82,0
DA:85,0
DA:88,4
DA:89,1
DA:90,1
DA:91,1
DA:93,1
DA:95,0
DA:98,4
DA:99,0
DA:103,4
DA:104,0
DA:105,0
DA:106,0
DA:110,14
DA:111,14
DA:112,14
DA:125,14
DA:131,0
DA:144,0
DA:160,0
DA:227,0
DA:228,0
LF:53
LH:33
BRDA:68,0,0,0
BRDA:68,0,1,1
BRDA:80,1,0,0
BRDA:80,1,1,1
BRDA:169,2,0,14
BRDA:169,2,1,10
BRDA:170,3,0,14
BRDA:170,3,1,10
BRDA:175,4,0,14
BRDA:175,4,1,14
BRDA:198,5,0,14
BRDA:198,5,1,0
BRDA:227,6,0,14
BRDA:227,6,1,14
BRDA:228,7,0,14
BRDA:228,7,1,0
BRF:16
BRH:12
end_of_record
TN:
SF:app/javascript/components/Home.js
FN:8,(anonymous_0)
FNF:1
FNH:1
FNDA:1,(anonymous_0)
DA:13,1
DA:14,1
LF:2
LH:2
BRDA:22,0,0,1
BRDA:22,0,1,0
BRDA:25,1,0,1
BRDA:25,1,1,1
BRF:4
BRH:3
end_of_record
TN:
SF:app/javascript/components/apiCalls.js
FN:1,(anonymous_0)
FN:3,(anonymous_1)
FN:11,(anonymous_2)
FN:13,(anonymous_3)
FN:19,(anonymous_4)
FN:29,(anonymous_5)
FN:39,(anonymous_6)
FNF:7
FNH:7
FNDA:4,(anonymous_0)
FNDA:3,(anonymous_1)
FNDA:4,(anonymous_2)
FNDA:3,(anonymous_3)
FNDA:1,(anonymous_4)
FNDA:1,(anonymous_5)
FNDA:1,(anonymous_6)
DA:1,3
DA:2,4
DA:4,3
DA:5,1
DA:7,2
DA:11,3
DA:12,4
DA:14,3
DA:15,1
DA:19,3
DA:20,1
DA:29,3
DA:30,1
DA:39,3
DA:40,1
LF:15
LH:15
BRDA:4,0,0,1
BRDA:4,0,1,2
BRDA:14,1,0,2
BRDA:14,1,1,1
BRF:4
BRH:4
end_of_record
