<?xml version="1.0" encoding="UTF-8"?>
<coverage generated="1581029662155" clover="3.2.0">
  <project timestamp="1581029662155" name="All files">
    <metrics statements="36" coveredstatements="24" conditionals="28" coveredconditionals="20" methods="17" coveredmethods="11" elements="81" coveredelements="55" complexity="0" loc="36" ncloc="36" packages="1" files="5" classes="5"/>
    <file name="About.js" path="/Users/learn/Desktop/Platform/app/javascript/components/About.js">
      <metrics statements="1" coveredstatements="1" conditionals="0" coveredconditionals="0" methods="1" coveredmethods="1"/>
      <line num="6" count="1" type="stmt"/>
    </file>
    <file name="App.js" path="/Users/learn/Desktop/Platform/app/javascript/components/App.js">
      <metrics statements="5" coveredstatements="5" conditionals="6" coveredconditionals="5" methods="3" coveredmethods="3"/>
      <line num="12" count="1" type="stmt"/>
      <line num="13" count="1" type="stmt"/>
      <line num="24" count="1" type="stmt"/>
      <line num="26" count="1" type="stmt"/>
      <line num="41" count="1" type="stmt"/>
    </file>
    <file name="Flashcard.js" path="/Users/learn/Desktop/Platform/app/javascript/components/Flashcard.js">
      <metrics statements="11" coveredstatements="5" conditionals="2" coveredconditionals="0" methods="5" coveredmethods="3"/>
      <line num="8" count="1" type="stmt"/>
      <line num="9" count="1" type="stmt"/>
      <line num="82" count="1" type="stmt"/>
      <line num="83" count="0" type="stmt"/>
      <line num="84" count="0" type="stmt"/>
      <line num="85" count="0" type="cond" truecount="0" falsecount="2"/>
      <line num="86" count="0" type="stmt"/>
      <line num="87" count="0" type="stmt"/>
      <line num="90" count="0" type="stmt"/>
      <line num="109" count="1" type="stmt"/>
      <line num="122" count="1" type="stmt"/>
    </file>
    <file name="FlashcardManage.js" path="/Users/learn/Desktop/Platform/app/javascript/components/FlashcardManage.js">
      <metrics statements="17" coveredstatements="11" conditionals="16" coveredconditionals="12" methods="7" coveredmethods="3"/>
      <line num="7" count="1" type="stmt"/>
      <line num="8" count="1" type="stmt"/>
      <line num="32" count="1" type="stmt"/>
      <line num="33" count="1" type="stmt"/>
      <line num="34" count="1" type="stmt"/>
      <line num="37" count="1" type="stmt"/>
      <line num="38" count="0" type="stmt"/>
      <line num="39" count="0" type="stmt"/>
      <line num="40" count="0" type="stmt"/>
      <line num="43" count="1" type="stmt"/>
      <line num="44" count="0" type="stmt"/>
      <line num="48" count="1" type="stmt"/>
      <line num="49" count="1" type="stmt"/>
      <line num="50" count="1" type="stmt"/>
      <line num="64" count="4" type="stmt"/>
      <line num="68" count="0" type="stmt"/>
      <line num="69" count="0" type="stmt"/>
    </file>
    <file name="Home.js" path="/Users/learn/Desktop/Platform/app/javascript/components/Home.js">
      <metrics statements="2" coveredstatements="2" conditionals="4" coveredconditionals="3" methods="1" coveredmethods="1"/>
      <line num="12" count="2" type="stmt"/>
      <line num="13" count="2" type="stmt"/>
    </file>
  </project>
</coverage>
