{"/Users/learn/Desktop/Platform/app/javascript/components/About.js": {"path":"/Users/learn/Desktop/Platform/app/javascript/components/About.js","statementMap":{"0":{"start":{"line":6,"column":8},"end":{"line":24,"column":9}}},"fnMap":{"0":{"name":"(anonymous_0)","decl":{"start":{"line":5,"column":4},"end":{"line":5,"column":5}},"loc":{"start":{"line":5,"column":12},"end":{"line":25,"column":5}},"line":5}},"branchMap":{},"s":{"0":1},"f":{"0":1},"b":{},"_coverageSchema":"1a1c01bbd47fc00a2c39e90264f33305004495a9","hash":"dcedafdd22e50df999b3fc807ba93aaabad934f8"}
,"/Users/learn/Desktop/Platform/app/javascript/components/App.js": {"path":"/Users/learn/Desktop/Platform/app/javascript/components/App.js","statementMap":{"0":{"start":{"line":12,"column":8},"end":{"line":12,"column":21}},"1":{"start":{"line":13,"column":8},"end":{"line":15,"column":9}},"2":{"start":{"line":24,"column":8},"end":{"line":24,"column":18}},"3":{"start":{"line":26,"column":4},"end":{"line":44,"column":6}},"4":{"start":{"line":41,"column":52},"end":{"line":41,"column":70}}},"fnMap":{"0":{"name":"(anonymous_0)","decl":{"start":{"line":11,"column":4},"end":{"line":11,"column":5}},"loc":{"start":{"line":11,"column":23},"end":{"line":17,"column":5}},"line":11},"1":{"name":"(anonymous_1)","decl":{"start":{"line":18,"column":2},"end":{"line":18,"column":3}},"loc":{"start":{"line":18,"column":12},"end":{"line":45,"column":3}},"line":18},"2":{"name":"(anonymous_2)","decl":{"start":{"line":41,"column":42},"end":{"line":41,"column":43}},"loc":{"start":{"line":41,"column":52},"end":{"line":41,"column":70}},"line":41}},"branchMap":{"0":{"loc":{"start":{"line":33,"column":15},"end":{"line":33,"column":79}},"type":"binary-expr","locations":[{"start":{"line":33,"column":15},"end":{"line":33,"column":24}},{"start":{"line":33,"column":28},"end":{"line":33,"column":79}}],"line":33},"1":{"loc":{"start":{"line":34,"column":15},"end":{"line":34,"column":78}},"type":"binary-expr","locations":[{"start":{"line":34,"column":15},"end":{"line":34,"column":25}},{"start":{"line":34,"column":29},"end":{"line":34,"column":78}}],"line":34},"2":{"loc":{"start":{"line":35,"column":15},"end":{"line":35,"column":83}},"type":"binary-expr","locations":[{"start":{"line":35,"column":15},"end":{"line":35,"column":25}},{"start":{"line":35,"column":28},"end":{"line":35,"column":83}}],"line":35}},"s":{"0":1,"1":1,"2":1,"3":1,"4":1},"f":{"0":1,"1":1,"2":1},"b":{"0":[1,0],"1":[1,1],"2":[1,1]},"_coverageSchema":"1a1c01bbd47fc00a2c39e90264f33305004495a9","hash":"2e97a90784c77bdefc8e9a8b316b8b569027bf98"}
,"/Users/learn/Desktop/Platform/app/javascript/components/Flashcard.js": {"path":"/Users/learn/Desktop/Platform/app/javascript/components/Flashcard.js","statementMap":{"0":{"start":{"line":8,"column":8},"end":{"line":8,"column":21}},"1":{"start":{"line":9,"column":8},"end":{"line":79,"column":9}},"2":{"start":{"line":82,"column":23},"end":{"line":91,"column":5}},"3":{"start":{"line":83,"column":71},"end":{"line":83,"column":81}},"4":{"start":{"line":84,"column":8},"end":{"line":84,"column":18}},"5":{"start":{"line":85,"column":8},"end":{"line":89,"column":9}},"6":{"start":{"line":86,"column":12},"end":{"line":88,"column":14}},"7":{"start":{"line":87,"column":16},"end":{"line":87,"column":37}},"8":{"start":{"line":90,"column":8},"end":{"line":90,"column":42}},"9":{"start":{"line":109,"column":8},"end":{"line":167,"column":9}},"10":{"start":{"line":122,"column":24},"end":{"line":143,"column":30}}},"fnMap":{"0":{"name":"(anonymous_0)","decl":{"start":{"line":7,"column":4},"end":{"line":7,"column":5}},"loc":{"start":{"line":7,"column":23},"end":{"line":80,"column":5}},"line":7},"1":{"name":"(anonymous_1)","decl":{"start":{"line":82,"column":23},"end":{"line":82,"column":24}},"loc":{"start":{"line":82,"column":29},"end":{"line":91,"column":5}},"line":82},"2":{"name":"(anonymous_2)","decl":{"start":{"line":86,"column":29},"end":{"line":86,"column":30}},"loc":{"start":{"line":86,"column":41},"end":{"line":88,"column":13}},"line":86},"3":{"name":"(anonymous_3)","decl":{"start":{"line":108,"column":4},"end":{"line":108,"column":5}},"loc":{"start":{"line":108,"column":12},"end":{"line":168,"column":5}},"line":108},"4":{"name":"(anonymous_4)","decl":{"start":{"line":121,"column":38},"end":{"line":121,"column":39}},"loc":{"start":{"line":122,"column":24},"end":{"line":143,"column":30}},"line":122}},"branchMap":{"0":{"loc":{"start":{"line":85,"column":8},"end":{"line":89,"column":9}},"type":"if","locations":[{"start":{"line":85,"column":8},"end":{"line":89,"column":9}},{"start":{"line":85,"column":8},"end":{"line":89,"column":9}}],"line":85}},"s":{"0":1,"1":1,"2":1,"3":0,"4":0,"5":0,"6":0,"7":0,"8":0,"9":1,"10":1},"f":{"0":1,"1":0,"2":0,"3":1,"4":1},"b":{"0":[0,0]},"_coverageSchema":"1a1c01bbd47fc00a2c39e90264f33305004495a9","hash":"5a6d6a71edd0707d3b378ab4fcb6b945e629b5b8"}
,"/Users/learn/Desktop/Platform/app/javascript/components/FlashcardManage.js": {"path":"/Users/learn/Desktop/Platform/app/javascript/components/FlashcardManage.js","statementMap":{"0":{"start":{"line":7,"column":8},"end":{"line":7,"column":21}},"1":{"start":{"line":8,"column":8},"end":{"line":31,"column":9}},"2":{"start":{"line":32,"column":8},"end":{"line":32,"column":32}},"3":{"start":{"line":33,"column":8},"end":{"line":33,"column":48}},"4":{"start":{"line":34,"column":8},"end":{"line":34,"column":57}},"5":{"start":{"line":37,"column":11},"end":{"line":41,"column":5}},"6":{"start":{"line":38,"column":8},"end":{"line":38,"column":31}},"7":{"start":{"line":39,"column":8},"end":{"line":39,"column":53}},"8":{"start":{"line":40,"column":8},"end":{"line":40,"column":48}},"9":{"start":{"line":43,"column":13},"end":{"line":45,"column":5}},"10":{"start":{"line":44,"column":8},"end":{"line":44,"column":30}},"11":{"start":{"line":48,"column":20},"end":{"line":48,"column":49}},"12":{"start":{"line":49,"column":46},"end":{"line":49,"column":56}},"13":{"start":{"line":50,"column":8},"end":{"line":115,"column":9}},"14":{"start":{"line":64,"column":28},"end":{"line":72,"column":25}},"15":{"start":{"line":68,"column":125},"end":{"line":68,"column":145}},"16":{"start":{"line":69,"column":106},"end":{"line":69,"column":128}}},"fnMap":{"0":{"name":"(anonymous_0)","decl":{"start":{"line":6,"column":4},"end":{"line":6,"column":5}},"loc":{"start":{"line":6,"column":23},"end":{"line":35,"column":5}},"line":6},"1":{"name":"(anonymous_1)","decl":{"start":{"line":37,"column":11},"end":{"line":37,"column":12}},"loc":{"start":{"line":37,"column":26},"end":{"line":41,"column":5}},"line":37},"2":{"name":"(anonymous_2)","decl":{"start":{"line":43,"column":13},"end":{"line":43,"column":14}},"loc":{"start":{"line":43,"column":28},"end":{"line":45,"column":5}},"line":43},"3":{"name":"(anonymous_3)","decl":{"start":{"line":47,"column":4},"end":{"line":47,"column":5}},"loc":{"start":{"line":47,"column":12},"end":{"line":116,"column":5}},"line":47},"4":{"name":"(anonymous_4)","decl":{"start":{"line":63,"column":40},"end":{"line":63,"column":41}},"loc":{"start":{"line":63,"column":53},"end":{"line":72,"column":26}},"line":63},"5":{"name":"(anonymous_5)","decl":{"start":{"line":68,"column":119},"end":{"line":68,"column":120}},"loc":{"start":{"line":68,"column":125},"end":{"line":68,"column":145}},"line":68},"6":{"name":"(anonymous_6)","decl":{"start":{"line":69,"column":100},"end":{"line":69,"column":101}},"loc":{"start":{"line":69,"column":106},"end":{"line":69,"column":128}},"line":69}},"branchMap":{"0":{"loc":{"start":{"line":82,"column":27},"end":{"line":82,"column":100}},"type":"binary-expr","locations":[{"start":{"line":82,"column":27},"end":{"line":82,"column":42}},{"start":{"line":82,"column":46},"end":{"line":82,"column":100}}],"line":82},"1":{"loc":{"start":{"line":83,"column":27},"end":{"line":86,"column":40}},"type":"binary-expr","locations":[{"start":{"line":83,"column":27},"end":{"line":83,"column":42}},{"start":{"line":84,"column":28},"end":{"line":86,"column":40}}],"line":83},"2":{"loc":{"start":{"line":87,"column":29},"end":{"line":87,"column":101}},"type":"binary-expr","locations":[{"start":{"line":87,"column":29},"end":{"line":87,"column":45}},{"start":{"line":87,"column":49},"end":{"line":87,"column":101}}],"line":87},"3":{"loc":{"start":{"line":88,"column":29},"end":{"line":92,"column":42}},"type":"binary-expr","locations":[{"start":{"line":88,"column":29},"end":{"line":88,"column":45}},{"start":{"line":89,"column":30},"end":{"line":92,"column":42}}],"line":88},"4":{"loc":{"start":{"line":97,"column":25},"end":{"line":97,"column":97}},"type":"binary-expr","locations":[{"start":{"line":97,"column":25},"end":{"line":97,"column":40}},{"start":{"line":97,"column":44},"end":{"line":97,"column":97}}],"line":97},"5":{"loc":{"start":{"line":98,"column":25},"end":{"line":101,"column":38}},"type":"binary-expr","locations":[{"start":{"line":98,"column":25},"end":{"line":98,"column":40}},{"start":{"line":99,"column":26},"end":{"line":101,"column":38}}],"line":98},"6":{"loc":{"start":{"line":102,"column":27},"end":{"line":102,"column":99}},"type":"binary-expr","locations":[{"start":{"line":102,"column":27},"end":{"line":102,"column":43}},{"start":{"line":102,"column":47},"end":{"line":102,"column":99}}],"line":102},"7":{"loc":{"start":{"line":103,"column":27},"end":{"line":107,"column":40}},"type":"binary-expr","locations":[{"start":{"line":103,"column":27},"end":{"line":103,"column":43}},{"start":{"line":104,"column":28},"end":{"line":107,"column":40}}],"line":103}},"s":{"0":1,"1":1,"2":1,"3":1,"4":1,"5":1,"6":0,"7":0,"8":0,"9":1,"10":0,"11":1,"12":1,"13":1,"14":4,"15":0,"16":0},"f":{"0":1,"1":0,"2":0,"3":1,"4":4,"5":0,"6":0},"b":{"0":[1,1],"1":[1,1],"2":[1,0],"3":[1,0],"4":[1,1],"5":[1,1],"6":[1,0],"7":[1,0]},"_coverageSchema":"1a1c01bbd47fc00a2c39e90264f33305004495a9","hash":"8eb4e7d59ce6f61f2a99749e3fe49da68204987d"}
,"/Users/learn/Desktop/Platform/app/javascript/components/Home.js": {"path":"/Users/learn/Desktop/Platform/app/javascript/components/Home.js","statementMap":{"0":{"start":{"line":12,"column":12},"end":{"line":12,"column":22}},"1":{"start":{"line":13,"column":8},"end":{"line":39,"column":9}}},"fnMap":{"0":{"name":"(anonymous_0)","decl":{"start":{"line":7,"column":4},"end":{"line":7,"column":5}},"loc":{"start":{"line":7,"column":12},"end":{"line":40,"column":5}},"line":7}},"branchMap":{"0":{"loc":{"start":{"line":21,"column":25},"end":{"line":23,"column":31}},"type":"binary-expr","locations":[{"start":{"line":21,"column":25},"end":{"line":21,"column":34}},{"start":{"line":21,"column":38},"end":{"line":23,"column":31}}],"line":21},"1":{"loc":{"start":{"line":24,"column":25},"end":{"line":26,"column":28}},"type":"binary-expr","locations":[{"start":{"line":24,"column":25},"end":{"line":24,"column":35}},{"start":{"line":24,"column":39},"end":{"line":26,"column":28}}],"line":24}},"s":{"0":2,"1":2},"f":{"0":2},"b":{"0":[2,0],"1":[2,2]},"_coverageSchema":"1a1c01bbd47fc00a2c39e90264f33305004495a9","hash":"ab230743fd9cd4501fa6f6906ff1db3461579a76"}
}
