TN:
SF:app/javascript/components/About.js
FN:5,(anonymous_0)
FNF:1
FNH:1
FNDA:1,(anonymous_0)
DA:6,1
LF:1
LH:1
BRF:0
BRH:0
end_of_record
TN:
SF:app/javascript/components/App.js
FN:11,(anonymous_0)
FN:18,(anonymous_1)
FN:41,(anonymous_2)
FNF:3
FNH:3
FNDA:1,(anonymous_0)
FNDA:1,(anonymous_1)
FNDA:1,(anonymous_2)
DA:12,1
DA:13,1
DA:24,1
DA:26,1
DA:41,1
LF:5
LH:5
BRDA:33,0,0,1
BRDA:33,0,1,0
BRDA:34,1,0,1
BRDA:34,1,1,1
BRDA:35,2,0,1
BRDA:35,2,1,1
BRF:6
BRH:5
end_of_record
TN:
SF:app/javascript/components/Flashcard.js
FN:7,(anonymous_0)
FN:82,(anonymous_1)
FN:86,(anonymous_2)
FN:108,(anonymous_3)
FN:121,(anonymous_4)
FNF:5
FNH:3
FNDA:1,(anonymous_0)
FNDA:0,(anonymous_1)
FNDA:0,(anonymous_2)
FNDA:1,(anonymous_3)
FNDA:1,(anonymous_4)
DA:8,1
DA:9,1
DA:82,1
DA:83,0
DA:84,0
DA:85,0
DA:86,0
DA:87,0
DA:90,0
DA:109,1
DA:122,1
LF:11
LH:5
BRDA:85,0,0,0
BRDA:85,0,1,0
BRF:2
BRH:0
end_of_record
TN:
SF:app/javascript/components/FlashcardManage.js
FN:6,(anonymous_0)
FN:37,(anonymous_1)
FN:43,(anonymous_2)
FN:47,(anonymous_3)
FN:63,(anonymous_4)
FN:68,(anonymous_5)
FN:69,(anonymous_6)
FNF:7
FNH:3
FNDA:1,(anonymous_0)
FNDA:0,(anonymous_1)
FNDA:0,(anonymous_2)
FNDA:1,(anonymous_3)
FNDA:4,(anonymous_4)
FNDA:0,(anonymous_5)
FNDA:0,(anonymous_6)
DA:7,1
DA:8,1
DA:32,1
DA:33,1
DA:34,1
DA:37,1
DA:38,0
DA:39,0
DA:40,0
DA:43,1
DA:44,0
DA:48,1
DA:49,1
DA:50,1
DA:64,4
DA:68,0
DA:69,0
LF:17
LH:11
BRDA:82,0,0,1
BRDA:82,0,1,1
BRDA:83,1,0,1
BRDA:83,1,1,1
BRDA:87,2,0,1
BRDA:87,2,1,0
BRDA:88,3,0,1
BRDA:88,3,1,0
BRDA:97,4,0,1
BRDA:97,4,1,1
BRDA:98,5,0,1
BRDA:98,5,1,1
BRDA:102,6,0,1
BRDA:102,6,1,0
BRDA:103,7,0,1
BRDA:103,7,1,0
BRF:16
BRH:12
end_of_record
TN:
SF:app/javascript/components/Home.js
FN:7,(anonymous_0)
FNF:1
FNH:1
FNDA:2,(anonymous_0)
DA:12,2
DA:13,2
LF:2
LH:2
BRDA:21,0,0,2
BRDA:21,0,1,0
BRDA:24,1,0,2
BRDA:24,1,1,2
BRF:4
BRH:3
end_of_record
